<?xml version="1.0" encoding="UTF-8"?>
<!-- Generated by org.testng.reporters.JUnitXMLReporter -->
<testsuite ignored="0" hostname="MacBook-Pro.local" failures="0" tests="48" name="Surefire test" time="10.184" errors="0" timestamp="2024-05-23T13:17:03 MSK">
  <testcase classname="org.openapitools.codegen.cmd.utils.OptionUtilsTest" name="splitCommaSeparatedList" time="0.184"/>
  <testcase classname="org.openapitools.codegen.cmd.utils.OptionUtilsTest" name="testParseCommaSeparatedTuples" time="0.011"/>
  <testcase classname="org.openapitools.codegen.cmd.AuthorTemplateTest" name="smokeTestAuthorTemplateCommand" time="3.624"/>
  <testcase classname="org.openapitools.codegen.cmd.GenerateBatchTest" name="testDeserializerWithJsonInclude" time="5.551"/>
  <testcase classname="org.openapitools.codegen.cmd.GenerateTest" name="testAdditionalPropertiesLong" time="1.716"/>
  <testcase classname="org.openapitools.codegen.cmd.GenerateBatchTest" name="testDeserializerWithJsonInclude" time="0.161"/>
  <testcase classname="org.openapitools.codegen.cmd.GenerateTest" name="testAdditionalPropertiesLongMultiple" time="0.13"/>
  <testcase classname="org.openapitools.codegen.cmd.GenerateBatchTest" name="testDeserializerWithJsonInclude" time="0.199"/>
  <testcase classname="org.openapitools.codegen.cmd.GenerateTest" name="testApiPackage" time="0.165"/>
  <testcase classname="org.openapitools.codegen.cmd.GenerateBatchTest" name="testDeserializerWithJsonInclude" time="0.163"/>
  <testcase classname="org.openapitools.codegen.cmd.GenerateTest" name="testArtifactId" time="0.122"/>
  <testcase classname="org.openapitools.codegen.cmd.GenerateBatchTest" name="testDeserializerWithJsonInclude" time="0.178"/>
  <testcase classname="org.openapitools.codegen.cmd.GenerateTest" name="testArtifactVersion" time="0.149"/>
  <testcase classname="org.openapitools.codegen.cmd.GenerateBatchTest" name="testDeserializerWithJsonInclude" time="0.172"/>
  <testcase classname="org.openapitools.codegen.cmd.GenerateTest" name="testAuthLong" time="0.166"/>
  <testcase classname="org.openapitools.codegen.cmd.GenerateBatchTest" name="testDeserializerWithJsonInclude" time="0.156"/>
  <testcase classname="org.openapitools.codegen.cmd.GenerateTest" name="testAuthShort" time="0.116"/>
  <testcase classname="org.openapitools.codegen.cmd.GenerateTest" name="testAuthUnspecified" time="0.162"/>
  <testcase classname="org.openapitools.codegen.cmd.GenerateBatchTest" name="testDeserializerWithJsonInclude" time="0.217"/>
  <testcase classname="org.openapitools.codegen.cmd.GenerateBatchTest" name="testInvalidDeserializerWithIncludeOption" time="0.106"/>
  <testcase classname="org.openapitools.codegen.cmd.GenerateTest" name="testConfigJsonLong" time="0.151"/>
  <testcase classname="org.openapitools.codegen.cmd.GenerateTest" name="testConfigJsonShort" time="0.14"/>
  <testcase classname="org.openapitools.codegen.cmd.GenerateTest" name="testConfigYamlLong" time="0.107"/>
  <testcase classname="org.openapitools.codegen.cmd.GenerateTest" name="testConfigYamlShort" time="0.096"/>
  <testcase classname="org.openapitools.codegen.cmd.GenerateTest" name="testGroupId" time="0.087"/>
  <testcase classname="org.openapitools.codegen.cmd.GenerateTest" name="testImportMappingsLong" time="0.09"/>
  <testcase classname="org.openapitools.codegen.cmd.GenerateTest" name="testImportMappingsLongMultiple" time="0.081"/>
  <testcase classname="org.openapitools.codegen.cmd.GenerateTest" name="testInstantiationTypesLong" time="0.092"/>
  <testcase classname="org.openapitools.codegen.cmd.GenerateTest" name="testInstantiationTypesLongMultiple" time="0.076"/>
  <testcase classname="org.openapitools.codegen.cmd.GenerateTest" name="testInvokerPackage" time="0.141"/>
  <testcase classname="org.openapitools.codegen.cmd.GenerateTest" name="testLanguageSpecificPrimitives" time="0.106"/>
  <testcase classname="org.openapitools.codegen.cmd.GenerateTest" name="testLibrary" time="0.053"/>
  <testcase classname="org.openapitools.codegen.cmd.GenerateTest" name="testModelPackage" time="0.059"/>
  <testcase classname="org.openapitools.codegen.cmd.GenerateTest" name="testNPEWithInvalidSpecFile" time="0.322"/>
  <testcase classname="org.openapitools.codegen.cmd.GenerateTest" name="testPackageName" time="0.057"/>
  <testcase classname="org.openapitools.codegen.cmd.GenerateTest" name="testRequiredArgs_LongArgs" time="0.084"/>
  <testcase classname="org.openapitools.codegen.cmd.GenerateTest" name="testRequiredArgs_ShortArgs" time="0.086"/>
  <testcase classname="org.openapitools.codegen.cmd.GenerateTest" name="testSkipOverwriteLong" time="0.067"/>
  <testcase classname="org.openapitools.codegen.cmd.GenerateTest" name="testSkipOverwriteShort" time="0.123"/>
  <testcase classname="org.openapitools.codegen.cmd.GenerateTest" name="testStrictSpecFalse" time="0.069"/>
  <testcase classname="org.openapitools.codegen.cmd.GenerateTest" name="testStrictSpecTrue" time="0.065"/>
  <testcase classname="org.openapitools.codegen.cmd.GenerateTest" name="testTemplateDirLong" time="0.066"/>
  <testcase classname="org.openapitools.codegen.cmd.GenerateTest" name="testTemplateDirMustExist" time="0.022"/>
  <testcase classname="org.openapitools.codegen.cmd.GenerateTest" name="testTemplateDirShort" time="0.092"/>
  <testcase classname="org.openapitools.codegen.cmd.GenerateTest" name="testTypeMappingsLong" time="0.152"/>
  <testcase classname="org.openapitools.codegen.cmd.GenerateTest" name="testTypeMappingsLongMultiple" time="0.099"/>
  <testcase classname="org.openapitools.codegen.cmd.GenerateTest" name="testVerboseLong" time="0.1"/>
  <testcase classname="org.openapitools.codegen.cmd.GenerateTest" name="testVerboseShort" time="0.072"/>
</testsuite> <!-- Surefire test -->
