<?xml version="1.0" encoding="UTF-8" standalone="yes"?><!DOCTYPE report PUBLIC "-//JACOCO//DTD Report 1.1//EN" "report.dtd"><report name="openapi-generator (maven-plugin)"><sessioninfo id="MacBook-Pro.local-f415a4a5" start="1715438574975" dump="1715438595389"/><package name="org/openapitools/openapi_generator_maven_plugin"><class name="org/openapitools/openapi_generator_maven_plugin/HelpMojo" sourcefilename="HelpMojo.java"><method name="&lt;init&gt;" desc="()V" line="28"><counter type="INSTRUCTION" missed="3" covered="0"/><counter type="LINE" missed="1" covered="0"/><counter type="COMPLEXITY" missed="1" covered="0"/><counter type="METHOD" missed="1" covered="0"/></method><method name="build" desc="()Lorg/w3c/dom/Document;" line="68"><counter type="INSTRUCTION" missed="51" covered="0"/><counter type="BRANCH" missed="2" covered="0"/><counter type="LINE" missed="13" covered="0"/><counter type="COMPLEXITY" missed="2" covered="0"/><counter type="METHOD" missed="1" covered="0"/></method><method name="execute" desc="()V" line="100"><counter type="INSTRUCTION" missed="154" covered="0"/><counter type="BRANCH" missed="20" covered="0"/><counter type="LINE" missed="31" covered="0"/><counter type="COMPLEXITY" missed="11" covered="0"/><counter type="METHOD" missed="1" covered="0"/></method><method name="isNotEmpty" desc="(Ljava/lang/String;)Z" line="165"><counter type="INSTRUCTION" missed="9" covered="0"/><counter type="BRANCH" missed="4" covered="0"/><counter type="LINE" missed="1" covered="0"/><counter type="COMPLEXITY" missed="3" covered="0"/><counter type="METHOD" missed="1" covered="0"/></method><method name="getValue" desc="(Lorg/w3c/dom/Node;Ljava/lang/String;)Ljava/lang/String;" line="171"><counter type="INSTRUCTION" missed="5" covered="0"/><counter type="LINE" missed="1" covered="0"/><counter type="COMPLEXITY" missed="1" covered="0"/><counter type="METHOD" missed="1" covered="0"/></method><method name="getSingleChild" desc="(Lorg/w3c/dom/Node;Ljava/lang/String;)Lorg/w3c/dom/Node;" line="177"><counter type="INSTRUCTION" missed="28" covered="0"/><counter type="BRANCH" missed="4" covered="0"/><counter type="LINE" missed="6" covered="0"/><counter type="COMPLEXITY" missed="3" covered="0"/><counter type="METHOD" missed="1" covered="0"/></method><method name="findNamedChild" desc="(Lorg/w3c/dom/Node;Ljava/lang/String;)Ljava/util/List;" line="191"><counter type="INSTRUCTION" missed="30" covered="0"/><counter type="BRANCH" missed="4" covered="0"/><counter type="LINE" missed="7" covered="0"/><counter type="COMPLEXITY" missed="3" covered="0"/><counter type="METHOD" missed="1" covered="0"/></method><method name="findSingleChild" desc="(Lorg/w3c/dom/Node;Ljava/lang/String;)Lorg/w3c/dom/Node;" line="207"><counter type="INSTRUCTION" missed="24" covered="0"/><counter type="BRANCH" missed="4" covered="0"/><counter type="LINE" missed="6" covered="0"/><counter type="COMPLEXITY" missed="3" covered="0"/><counter type="METHOD" missed="1" covered="0"/></method><method name="writeGoal" desc="(Ljava/lang/StringBuilder;Ljava/lang/String;Lorg/w3c/dom/Element;)V" line="222"><counter type="INSTRUCTION" missed="116" covered="0"/><counter type="BRANCH" missed="20" covered="0"/><counter type="LINE" missed="23" covered="0"/><counter type="COMPLEXITY" missed="11" covered="0"/><counter type="METHOD" missed="1" covered="0"/></method><method name="writeParameter" desc="(Ljava/lang/StringBuilder;Lorg/w3c/dom/Node;Lorg/w3c/dom/Node;)V" line="262"><counter type="INSTRUCTION" missed="100" covered="0"/><counter type="BRANCH" missed="18" covered="0"/><counter type="LINE" missed="22" covered="0"/><counter type="COMPLEXITY" missed="10" covered="0"/><counter type="METHOD" missed="1" covered="0"/></method><method name="repeat" desc="(Ljava/lang/String;I)Ljava/lang/String;" line="310"><counter type="INSTRUCTION" missed="22" covered="0"/><counter type="BRANCH" missed="2" covered="0"/><counter type="LINE" missed="4" covered="0"/><counter type="COMPLEXITY" missed="2" covered="0"/><counter type="METHOD" missed="1" covered="0"/></method><method name="append" desc="(Ljava/lang/StringBuilder;Ljava/lang/String;I)V" line="330"><counter type="INSTRUCTION" missed="24" covered="0"/><counter type="BRANCH" missed="2" covered="0"/><counter type="LINE" missed="4" covered="0"/><counter type="COMPLEXITY" missed="2" covered="0"/><counter type="METHOD" missed="1" covered="0"/></method><method name="toLines" desc="(Ljava/lang/String;III)Ljava/util/List;" line="348"><counter type="INSTRUCTION" missed="37" covered="0"/><counter type="BRANCH" missed="2" covered="0"/><counter type="LINE" missed="6" covered="0"/><counter type="COMPLEXITY" missed="2" covered="0"/><counter type="METHOD" missed="1" covered="0"/></method><method name="toLines" desc="(Ljava/util/List;Ljava/lang/String;II)V" line="372"><counter type="INSTRUCTION" missed="104" covered="0"/><counter type="BRANCH" missed="12" covered="0"/><counter type="LINE" missed="19" covered="0"/><counter type="COMPLEXITY" missed="7" covered="0"/><counter type="METHOD" missed="1" covered="0"/></method><method name="getIndentLevel" desc="(Ljava/lang/String;)I" line="421"><counter type="INSTRUCTION" missed="40" covered="0"/><counter type="BRANCH" missed="10" covered="0"/><counter type="LINE" missed="8" covered="0"/><counter type="COMPLEXITY" missed="6" covered="0"/><counter type="METHOD" missed="1" covered="0"/></method><method name="getPropertyFromExpression" desc="(Ljava/lang/String;)Ljava/lang/String;" line="439"><counter type="INSTRUCTION" missed="26" covered="0"/><counter type="BRANCH" missed="8" covered="0"/><counter type="LINE" missed="4" covered="0"/><counter type="COMPLEXITY" missed="5" covered="0"/><counter type="METHOD" missed="1" covered="0"/></method><counter type="INSTRUCTION" missed="773" covered="0"/><counter type="BRANCH" missed="112" covered="0"/><counter type="LINE" missed="156" covered="0"/><counter type="COMPLEXITY" missed="72" covered="0"/><counter type="METHOD" missed="16" covered="0"/><counter type="CLASS" missed="1" covered="0"/></class><sourcefile name="HelpMojo.java"><line nr="28" mi="3" ci="0" mb="0" cb="0"/><line nr="68" mi="4" ci="0" mb="0" cb="0"/><line nr="69" mi="5" ci="0" mb="0" cb="0"/><line nr="71" mi="2" ci="0" mb="2" cb="0"/><line nr="73" mi="5" ci="0" mb="0" cb="0"/><line nr="75" mi="2" ci="0" mb="0" cb="0"/><line nr="76" mi="3" ci="0" mb="0" cb="0"/><line nr="77" mi="6" ci="0" mb="0" cb="0"/><line nr="79" mi="1" ci="0" mb="0" cb="0"/><line nr="81" mi="7" ci="0" mb="0" cb="0"/><line nr="83" mi="1" ci="0" mb="0" cb="0"/><line nr="85" mi="7" ci="0" mb="0" cb="0"/><line nr="87" mi="1" ci="0" mb="0" cb="0"/><line nr="89" mi="7" ci="0" mb="0" cb="0"/><line nr="100" mi="3" ci="0" mb="2" cb="0"/><line nr="102" mi="4" ci="0" mb="0" cb="0"/><line nr="103" mi="3" ci="0" mb="0" cb="0"/><line nr="105" mi="3" ci="0" mb="2" cb="0"/><line nr="107" mi="4" ci="0" mb="0" cb="0"/><line nr="108" mi="3" ci="0" mb="0" cb="0"/><line nr="111" mi="3" ci="0" mb="0" cb="0"/><line nr="113" mi="4" ci="0" mb="0" cb="0"/><line nr="114" mi="4" ci="0" mb="0" cb="0"/><line nr="117" mi="4" ci="0" mb="0" cb="0"/><line nr="118" mi="4" ci="0" mb="0" cb="0"/><line nr="119" mi="9" ci="0" mb="0" cb="0"/><line nr="120" mi="7" ci="0" mb="4" cb="0"/><line nr="122" mi="8" ci="0" mb="0" cb="0"/><line nr="126" mi="3" ci="0" mb="2" cb="0"/><line nr="128" mi="6" ci="0" mb="0" cb="0"/><line nr="132" mi="5" ci="0" mb="0" cb="0"/><line nr="135" mi="7" ci="0" mb="0" cb="0"/><line nr="136" mi="5" ci="0" mb="0" cb="0"/><line nr="139" mi="4" ci="0" mb="0" cb="0"/><line nr="141" mi="4" ci="0" mb="0" cb="0"/><line nr="143" mi="4" ci="0" mb="0" cb="0"/><line nr="145" mi="7" ci="0" mb="4" cb="0"/><line nr="147" mi="14" ci="0" mb="2" cb="0"/><line nr="148" mi="5" ci="0" mb="0" cb="0"/><line nr="151" mi="10" ci="0" mb="2" cb="0"/><line nr="153" mi="6" ci="0" mb="0" cb="0"/><line nr="154" mi="1" ci="0" mb="0" cb="0"/><line nr="156" mi="4" ci="0" mb="2" cb="0"/><line nr="158" mi="5" ci="0" mb="0" cb="0"/><line nr="160" mi="1" ci="0" mb="0" cb="0"/><line nr="165" mi="9" ci="0" mb="4" cb="0"/><line nr="171" mi="5" ci="0" mb="0" cb="0"/><line nr="177" mi="4" ci="0" mb="0" cb="0"/><line nr="178" mi="3" ci="0" mb="2" cb="0"/><line nr="180" mi="6" ci="0" mb="0" cb="0"/><line nr="182" mi="4" ci="0" mb="2" cb="0"/><line nr="184" mi="6" ci="0" mb="0" cb="0"/><line nr="186" mi="5" ci="0" mb="0" cb="0"/><line nr="191" mi="4" ci="0" mb="0" cb="0"/><line nr="192" mi="3" ci="0" mb="0" cb="0"/><line nr="193" mi="8" ci="0" mb="2" cb="0"/><line nr="195" mi="4" ci="0" mb="0" cb="0"/><line nr="196" mi="5" ci="0" mb="2" cb="0"/><line nr="198" mi="4" ci="0" mb="0" cb="0"/><line nr="201" mi="2" ci="0" mb="0" cb="0"/><line nr="207" mi="4" ci="0" mb="0" cb="0"/><line nr="208" mi="3" ci="0" mb="2" cb="0"/><line nr="210" mi="2" ci="0" mb="0" cb="0"/><line nr="212" mi="4" ci="0" mb="2" cb="0"/><line nr="214" mi="6" ci="0" mb="0" cb="0"/><line nr="216" mi="5" ci="0" mb="0" cb="0"/><line nr="222" mi="4" ci="0" mb="0" cb="0"/><line nr="223" mi="4" ci="0" mb="0" cb="0"/><line nr="224" mi="4" ci="0" mb="0" cb="0"/><line nr="225" mi="12" ci="0" mb="6" cb="0"/><line nr="227" mi="7" ci="0" mb="0" cb="0"/><line nr="228" mi="4" ci="0" mb="0" cb="0"/><line nr="229" mi="6" ci="0" mb="4" cb="0"/><line nr="231" mi="7" ci="0" mb="0" cb="0"/><line nr="232" mi="5" ci="0" mb="4" cb="0"/><line nr="234" mi="5" ci="0" mb="0" cb="0"/><line nr="235" mi="7" ci="0" mb="0" cb="0"/><line nr="238" mi="2" ci="0" mb="2" cb="0"/><line nr="240" mi="6" ci="0" mb="0" cb="0"/><line nr="242" mi="5" ci="0" mb="0" cb="0"/><line nr="244" mi="3" ci="0" mb="2" cb="0"/><line nr="246" mi="4" ci="0" mb="0" cb="0"/><line nr="247" mi="4" ci="0" mb="0" cb="0"/><line nr="248" mi="5" ci="0" mb="0" cb="0"/><line nr="249" mi="5" ci="0" mb="0" cb="0"/><line nr="251" mi="10" ci="0" mb="2" cb="0"/><line nr="253" mi="5" ci="0" mb="0" cb="0"/><line nr="254" mi="1" ci="0" mb="0" cb="0"/><line nr="257" mi="1" ci="0" mb="0" cb="0"/><line nr="262" mi="4" ci="0" mb="0" cb="0"/><line nr="263" mi="4" ci="0" mb="0" cb="0"/><line nr="265" mi="2" ci="0" mb="0" cb="0"/><line nr="266" mi="2" ci="0" mb="2" cb="0"/><line nr="268" mi="5" ci="0" mb="0" cb="0"/><line nr="271" mi="2" ci="0" mb="0" cb="0"/><line nr="272" mi="6" ci="0" mb="4" cb="0"/><line nr="274" mi="5" ci="0" mb="0" cb="0"/><line nr="276" mi="7" ci="0" mb="0" cb="0"/><line nr="277" mi="4" ci="0" mb="0" cb="0"/><line nr="278" mi="6" ci="0" mb="4" cb="0"/><line nr="280" mi="7" ci="0" mb="0" cb="0"/><line nr="281" mi="5" ci="0" mb="0" cb="0"/><line nr="283" mi="3" ci="0" mb="2" cb="0"/><line nr="284" mi="5" ci="0" mb="0" cb="0"/><line nr="286" mi="6" ci="0" mb="2" cb="0"/><line nr="288" mi="5" ci="0" mb="0" cb="0"/><line nr="290" mi="6" ci="0" mb="4" cb="0"/><line nr="292" mi="4" ci="0" mb="0" cb="0"/><line nr="293" mi="6" ci="0" mb="0" cb="0"/><line nr="296" mi="5" ci="0" mb="0" cb="0"/><line nr="297" mi="1" ci="0" mb="0" cb="0"/><line nr="310" mi="8" ci="0" mb="0" cb="0"/><line nr="312" mi="7" ci="0" mb="2" cb="0"/><line nr="314" mi="4" ci="0" mb="0" cb="0"/><line nr="317" mi="3" ci="0" mb="0" cb="0"/><line nr="330" mi="16" ci="0" mb="2" cb="0"/><line nr="332" mi="6" ci="0" mb="0" cb="0"/><line nr="333" mi="1" ci="0" mb="0" cb="0"/><line nr="334" mi="1" ci="0" mb="0" cb="0"/><line nr="348" mi="4" ci="0" mb="0" cb="0"/><line nr="350" mi="4" ci="0" mb="0" cb="0"/><line nr="352" mi="4" ci="0" mb="0" cb="0"/><line nr="354" mi="16" ci="0" mb="2" cb="0"/><line nr="356" mi="7" ci="0" mb="0" cb="0"/><line nr="359" mi="2" ci="0" mb="0" cb="0"/><line nr="372" mi="3" ci="0" mb="0" cb="0"/><line nr="373" mi="5" ci="0" mb="0" cb="0"/><line nr="375" mi="4" ci="0" mb="0" cb="0"/><line nr="377" mi="16" ci="0" mb="2" cb="0"/><line nr="379" mi="3" ci="0" mb="2" cb="0"/><line nr="381" mi="7" ci="0" mb="2" cb="0"/><line nr="383" mi="5" ci="0" mb="0" cb="0"/><line nr="384" mi="3" ci="0" mb="0" cb="0"/><line nr="385" mi="9" ci="0" mb="0" cb="0"/><line nr="389" mi="4" ci="0" mb="0" cb="0"/><line nr="393" mi="8" ci="0" mb="2" cb="0"/><line nr="395" mi="4" ci="0" mb="0" cb="0"/><line nr="396" mi="3" ci="0" mb="2" cb="0"/><line nr="398" mi="12" ci="0" mb="0" cb="0"/><line nr="400" mi="3" ci="0" mb="2" cb="0"/><line nr="402" mi="5" ci="0" mb="0" cb="0"/><line nr="406" mi="4" ci="0" mb="0" cb="0"/><line nr="410" mi="5" ci="0" mb="0" cb="0"/><line nr="411" mi="1" ci="0" mb="0" cb="0"/><line nr="421" mi="2" ci="0" mb="0" cb="0"/><line nr="422" mi="13" ci="0" mb="4" cb="0"/><line nr="424" mi="1" ci="0" mb="0" cb="0"/><line nr="426" mi="15" ci="0" mb="4" cb="0"/><line nr="428" mi="5" ci="0" mb="2" cb="0"/><line nr="430" mi="1" ci="0" mb="0" cb="0"/><line nr="431" mi="1" ci="0" mb="0" cb="0"/><line nr="434" mi="2" ci="0" mb="0" cb="0"/><line nr="439" mi="12" ci="0" mb="6" cb="0"/><line nr="440" mi="4" ci="0" mb="2" cb="0"/><line nr="443" mi="8" ci="0" mb="0" cb="0"/><line nr="446" mi="2" ci="0" mb="0" cb="0"/><counter type="INSTRUCTION" missed="773" covered="0"/><counter type="BRANCH" missed="112" covered="0"/><counter type="LINE" missed="156" covered="0"/><counter type="COMPLEXITY" missed="72" covered="0"/><counter type="METHOD" missed="16" covered="0"/><counter type="CLASS" missed="1" covered="0"/></sourcefile><counter type="INSTRUCTION" missed="773" covered="0"/><counter type="BRANCH" missed="112" covered="0"/><counter type="LINE" missed="156" covered="0"/><counter type="COMPLEXITY" missed="72" covered="0"/><counter type="METHOD" missed="16" covered="0"/><counter type="CLASS" missed="1" covered="0"/></package><package name="org/openapitools/codegen/plugin"><class name="org/openapitools/codegen/plugin/CodeGenMojo" sourcefilename="CodeGenMojo.java"><method name="&lt;init&gt;" desc="()V" line="86"><counter type="INSTRUCTION" missed="0" covered="76"/><counter type="LINE" missed="0" covered="29"/><counter type="COMPLEXITY" missed="0" covered="1"/><counter type="METHOD" missed="0" covered="1"/></method><method name="setBuildContext" desc="(Lorg/sonatype/plexus/build/incremental/BuildContext;)V" line="555"><counter type="INSTRUCTION" missed="0" covered="4"/><counter type="LINE" missed="0" covered="2"/><counter type="COMPLEXITY" missed="0" covered="1"/><counter type="METHOD" missed="0" covered="1"/></method><method name="execute" desc="()V" line="560"><counter type="INSTRUCTION" missed="450" covered="770"/><counter type="BRANCH" missed="159" covered="137"/><counter type="LINE" missed="83" covered="156"/><counter type="COMPLEXITY" missed="138" covered="11"/><counter type="METHOD" missed="0" covered="1"/></method><method name="calculateInputSpecHash" desc="(Ljava/io/File;)Ljava/lang/String;" line="1038"><counter type="INSTRUCTION" missed="53" covered="28"/><counter type="BRANCH" missed="5" covered="3"/><counter type="LINE" missed="11" covered="8"/><counter type="COMPLEXITY" missed="3" covered="2"/><counter type="METHOD" missed="0" covered="1"/></method><method name="inputSpecRemoteUrl" desc="()Ljava/net/URL;" line="1076"><counter type="INSTRUCTION" missed="7" covered="3"/><counter type="LINE" missed="1" covered="2"/><counter type="COMPLEXITY" missed="0" covered="1"/><counter type="METHOD" missed="0" covered="1"/></method><method name="getHashFile" desc="(Ljava/io/File;)Ljava/io/File;" line="1089"><counter type="INSTRUCTION" missed="13" covered="22"/><counter type="BRANCH" missed="1" covered="1"/><counter type="LINE" missed="2" covered="4"/><counter type="COMPLEXITY" missed="1" covered="1"/><counter type="METHOD" missed="0" covered="1"/></method><method name="getCompileSourceRoot" desc="()Ljava/lang/String;" line="1102"><counter type="INSTRUCTION" missed="5" covered="19"/><counter type="BRANCH" missed="2" covered="2"/><counter type="LINE" missed="0" covered="4"/><counter type="COMPLEXITY" missed="2" covered="1"/><counter type="METHOD" missed="0" covered="1"/></method><method name="addCompileSourceRootIfConfigured" desc="()V" line="1110"><counter type="INSTRUCTION" missed="13" covered="13"/><counter type="BRANCH" missed="4" covered="2"/><counter type="LINE" missed="3" covered="4"/><counter type="COMPLEXITY" missed="3" covered="1"/><counter type="METHOD" missed="0" covered="1"/></method><method name="adjustAdditionalProperties" desc="(Lorg/openapitools/codegen/CodegenConfig;)V" line="1128"><counter type="INSTRUCTION" missed="16" covered="39"/><counter type="BRANCH" missed="3" covered="7"/><counter type="LINE" missed="3" covered="12"/><counter type="COMPLEXITY" missed="3" covered="3"/><counter type="METHOD" missed="0" covered="1"/></method><method name="createCollapsedSpec" desc="()Ljava/nio/file/Path;" line="1149"><counter type="INSTRUCTION" missed="17" covered="61"/><counter type="BRANCH" missed="2" covered="2"/><counter type="LINE" missed="2" covered="10"/><counter type="COMPLEXITY" missed="2" covered="1"/><counter type="METHOD" missed="0" covered="1"/></method><counter type="INSTRUCTION" missed="574" covered="1035"/><counter type="BRANCH" missed="176" covered="154"/><counter type="LINE" missed="105" covered="231"/><counter type="COMPLEXITY" missed="152" covered="23"/><counter type="METHOD" missed="0" covered="10"/><counter type="CLASS" missed="0" covered="1"/></class><sourcefile name="CodeGenMojo.java"><line nr="86" mi="0" ci="2" mb="0" cb="0"/><line nr="88" mi="0" ci="4" mb="0" cb="0"/><line nr="94" mi="0" ci="5" mb="0" cb="0"/><line nr="431" mi="0" ci="2" mb="0" cb="0"/><line nr="432" mi="0" ci="2" mb="0" cb="0"/><line nr="437" mi="0" ci="3" mb="0" cb="0"/><line nr="443" mi="0" ci="2" mb="0" cb="0"/><line nr="444" mi="0" ci="2" mb="0" cb="0"/><line nr="449" mi="0" ci="3" mb="0" cb="0"/><line nr="455" mi="0" ci="2" mb="0" cb="0"/><line nr="456" mi="0" ci="2" mb="0" cb="0"/><line nr="461" mi="0" ci="3" mb="0" cb="0"/><line nr="467" mi="0" ci="2" mb="0" cb="0"/><line nr="468" mi="0" ci="2" mb="0" cb="0"/><line nr="473" mi="0" ci="2" mb="0" cb="0"/><line nr="474" mi="0" ci="2" mb="0" cb="0"/><line nr="479" mi="0" ci="2" mb="0" cb="0"/><line nr="480" mi="0" ci="2" mb="0" cb="0"/><line nr="485" mi="0" ci="2" mb="0" cb="0"/><line nr="486" mi="0" ci="2" mb="0" cb="0"/><line nr="491" mi="0" ci="2" mb="0" cb="0"/><line nr="492" mi="0" ci="2" mb="0" cb="0"/><line nr="510" mi="0" ci="3" mb="0" cb="0"/><line nr="517" mi="0" ci="3" mb="0" cb="0"/><line nr="520" mi="0" ci="2" mb="0" cb="0"/><line nr="521" mi="0" ci="2" mb="0" cb="0"/><line nr="524" mi="0" ci="5" mb="0" cb="0"/><line nr="527" mi="0" ci="5" mb="0" cb="0"/><line nr="530" mi="0" ci="4" mb="0" cb="0"/><line nr="555" mi="0" ci="3" mb="0" cb="0"/><line nr="556" mi="0" ci="1" mb="0" cb="0"/><line nr="560" mi="0" ci="8" mb="0" cb="4"/><line nr="561" mi="0" ci="4" mb="0" cb="0"/><line nr="562" mi="0" ci="5" mb="0" cb="0"/><line nr="565" mi="0" ci="4" mb="0" cb="2"/><line nr="566" mi="0" ci="8" mb="0" cb="0"/><line nr="567" mi="0" ci="2" mb="0" cb="0"/><line nr="568" mi="0" ci="6" mb="0" cb="0"/><line nr="571" mi="0" ci="6" mb="0" cb="0"/><line nr="573" mi="0" ci="3" mb="1" cb="1"/><line nr="574" mi="7" ci="0" mb="0" cb="0"/><line nr="575" mi="7" ci="0" mb="2" cb="0"/><line nr="576" mi="5" ci="0" mb="0" cb="0"/><line nr="579" mi="0" ci="3" mb="0" cb="2"/><line nr="580" mi="0" ci="3" mb="0" cb="0"/><line nr="581" mi="0" ci="3" mb="1" cb="1"/><line nr="582" mi="0" ci="5" mb="0" cb="0"/><line nr="584" mi="2" ci="11" mb="1" cb="1"/><line nr="586" mi="0" ci="1" mb="0" cb="0"/><line nr="590" mi="0" ci="2" mb="0" cb="0"/><line nr="593" mi="0" ci="5" mb="1" cb="1"/><line nr="594" mi="4" ci="0" mb="0" cb="0"/><line nr="595" mi="1" ci="0" mb="0" cb="0"/><line nr="598" mi="0" ci="6" mb="2" cb="2"/><line nr="599" mi="1" ci="4" mb="1" cb="1"/><line nr="600" mi="5" ci="0" mb="2" cb="0"/><line nr="601" mi="2" ci="0" mb="2" cb="0"/><line nr="602" mi="4" ci="0" mb="0" cb="0"/><line nr="604" mi="1" ci="0" mb="0" cb="0"/><line nr="608" mi="0" ci="5" mb="0" cb="2"/><line nr="609" mi="0" ci="4" mb="0" cb="0"/><line nr="610" mi="0" ci="3" mb="0" cb="2"/><line nr="611" mi="0" ci="2" mb="0" cb="0"/><line nr="613" mi="0" ci="4" mb="0" cb="0"/><line nr="614" mi="1" ci="0" mb="0" cb="0"/><line nr="615" mi="2" ci="0" mb="0" cb="0"/><line nr="616" mi="0" ci="1" mb="0" cb="0"/><line nr="618" mi="0" ci="5" mb="0" cb="0"/><line nr="619" mi="0" ci="4" mb="0" cb="2"/><line nr="620" mi="0" ci="4" mb="0" cb="0"/><line nr="622" mi="0" ci="1" mb="0" cb="0"/><line nr="627" mi="0" ci="3" mb="1" cb="1"/><line nr="629" mi="3" ci="0" mb="0" cb="0"/><line nr="630" mi="6" ci="0" mb="0" cb="0"/><line nr="631" mi="1" ci="0" mb="0" cb="0"/><line nr="632" mi="7" ci="0" mb="0" cb="0"/><line nr="633" mi="1" ci="0" mb="0" cb="0"/><line nr="637" mi="0" ci="6" mb="0" cb="0"/><line nr="640" mi="0" ci="2" mb="1" cb="1"/><line nr="641" mi="0" ci="4" mb="0" cb="0"/><line nr="644" mi="0" ci="5" mb="0" cb="0"/><line nr="646" mi="0" ci="3" mb="1" cb="1"/><line nr="647" mi="6" ci="0" mb="0" cb="0"/><line nr="650" mi="0" ci="3" mb="1" cb="1"/><line nr="651" mi="6" ci="0" mb="0" cb="0"/><line nr="654" mi="0" ci="3" mb="1" cb="1"/><line nr="655" mi="6" ci="0" mb="0" cb="0"/><line nr="658" mi="0" ci="4" mb="1" cb="1"/><line nr="659" mi="0" ci="5" mb="0" cb="0"/><line nr="662" mi="0" ci="4" mb="1" cb="1"/><line nr="663" mi="5" ci="0" mb="0" cb="0"/><line nr="666" mi="0" ci="4" mb="1" cb="1"/><line nr="667" mi="5" ci="0" mb="0" cb="0"/><line nr="670" mi="0" ci="4" mb="1" cb="1"/><line nr="671" mi="5" ci="0" mb="0" cb="0"/><line nr="674" mi="0" ci="4" mb="1" cb="1"/><line nr="675" mi="5" ci="0" mb="0" cb="0"/><line nr="678" mi="0" ci="4" mb="1" cb="1"/><line nr="679" mi="5" ci="0" mb="0" cb="0"/><line nr="682" mi="0" ci="3" mb="1" cb="1"/><line nr="683" mi="10" ci="0" mb="2" cb="0"/><line nr="686" mi="0" ci="3" mb="1" cb="1"/><line nr="687" mi="6" ci="0" mb="0" cb="0"/><line nr="690" mi="0" ci="3" mb="1" cb="1"/><line nr="691" mi="6" ci="0" mb="0" cb="0"/><line nr="694" mi="0" ci="3" mb="1" cb="1"/><line nr="695" mi="6" ci="0" mb="0" cb="0"/><line nr="698" mi="0" ci="3" mb="1" cb="1"/><line nr="699" mi="6" ci="0" mb="0" cb="0"/><line nr="702" mi="0" ci="4" mb="1" cb="1"/><line nr="703" mi="0" ci="6" mb="0" cb="0"/><line nr="705" mi="4" ci="0" mb="0" cb="0"/><line nr="706" mi="5" ci="0" mb="0" cb="0"/><line nr="709" mi="0" ci="6" mb="0" cb="0"/><line nr="711" mi="0" ci="4" mb="1" cb="1"/><line nr="712" mi="5" ci="0" mb="0" cb="0"/><line nr="715" mi="0" ci="4" mb="1" cb="1"/><line nr="716" mi="0" ci="5" mb="0" cb="0"/><line nr="719" mi="0" ci="4" mb="1" cb="1"/><line nr="720" mi="0" ci="5" mb="0" cb="0"/><line nr="723" mi="0" ci="4" mb="1" cb="1"/><line nr="724" mi="0" ci="5" mb="0" cb="0"/><line nr="727" mi="0" ci="4" mb="1" cb="1"/><line nr="728" mi="5" ci="0" mb="0" cb="0"/><line nr="731" mi="0" ci="4" mb="1" cb="1"/><line nr="732" mi="5" ci="0" mb="0" cb="0"/><line nr="735" mi="0" ci="4" mb="1" cb="1"/><line nr="736" mi="5" ci="0" mb="0" cb="0"/><line nr="739" mi="0" ci="4" mb="1" cb="1"/><line nr="740" mi="5" ci="0" mb="0" cb="0"/><line nr="743" mi="0" ci="4" mb="1" cb="1"/><line nr="744" mi="0" ci="5" mb="0" cb="0"/><line nr="747" mi="0" ci="4" mb="1" cb="1"/><line nr="748" mi="5" ci="0" mb="0" cb="0"/><line nr="751" mi="0" ci="4" mb="1" cb="1"/><line nr="752" mi="5" ci="0" mb="0" cb="0"/><line nr="755" mi="0" ci="4" mb="0" cb="2"/><line nr="756" mi="0" ci="5" mb="0" cb="0"/><line nr="759" mi="0" ci="4" mb="1" cb="1"/><line nr="760" mi="6" ci="0" mb="0" cb="0"/><line nr="763" mi="0" ci="4" mb="1" cb="1"/><line nr="764" mi="4" ci="0" mb="2" cb="0"/><line nr="765" mi="4" ci="0" mb="0" cb="0"/><line nr="767" mi="5" ci="0" mb="0" cb="0"/><line nr="770" mi="0" ci="4" mb="1" cb="1"/><line nr="771" mi="0" ci="5" mb="0" cb="0"/><line nr="775" mi="0" ci="8" mb="2" cb="2"/><line nr="776" mi="0" ci="5" mb="0" cb="0"/><line nr="778" mi="2" ci="0" mb="0" cb="0"/><line nr="781" mi="0" ci="8" mb="2" cb="2"/><line nr="782" mi="0" ci="5" mb="0" cb="0"/><line nr="784" mi="2" ci="0" mb="0" cb="0"/><line nr="787" mi="0" ci="8" mb="2" cb="2"/><line nr="788" mi="0" ci="5" mb="0" cb="0"/><line nr="790" mi="2" ci="0" mb="0" cb="0"/><line nr="793" mi="0" ci="5" mb="0" cb="0"/><line nr="794" mi="0" ci="5" mb="0" cb="0"/><line nr="795" mi="0" ci="5" mb="0" cb="0"/><line nr="796" mi="0" ci="5" mb="0" cb="0"/><line nr="797" mi="0" ci="5" mb="0" cb="0"/><line nr="799" mi="0" ci="3" mb="1" cb="1"/><line nr="801" mi="5" ci="3" mb="3" cb="1"/><line nr="802" mi="7" ci="0" mb="0" cb="0"/><line nr="807" mi="5" ci="3" mb="3" cb="1"/><line nr="808" mi="7" ci="0" mb="0" cb="0"/><line nr="813" mi="5" ci="3" mb="3" cb="1"/><line nr="814" mi="7" ci="0" mb="0" cb="0"/><line nr="819" mi="5" ci="3" mb="3" cb="1"/><line nr="820" mi="7" ci="0" mb="0" cb="0"/><line nr="825" mi="5" ci="3" mb="3" cb="1"/><line nr="826" mi="7" ci="0" mb="0" cb="0"/><line nr="831" mi="5" ci="3" mb="3" cb="1"/><line nr="832" mi="7" ci="0" mb="0" cb="0"/><line nr="837" mi="5" ci="3" mb="3" cb="1"/><line nr="838" mi="7" ci="0" mb="0" cb="0"/><line nr="842" mi="5" ci="3" mb="3" cb="1"/><line nr="843" mi="4" ci="0" mb="0" cb="0"/><line nr="844" mi="3" ci="0" mb="0" cb="0"/><line nr="848" mi="5" ci="3" mb="3" cb="1"/><line nr="849" mi="4" ci="0" mb="0" cb="0"/><line nr="850" mi="3" ci="0" mb="0" cb="0"/><line nr="854" mi="5" ci="3" mb="3" cb="1"/><line nr="855" mi="7" ci="0" mb="0" cb="0"/><line nr="859" mi="5" ci="3" mb="3" cb="1"/><line nr="860" mi="7" ci="0" mb="0" cb="0"/><line nr="864" mi="5" ci="3" mb="3" cb="1"/><line nr="865" mi="5" ci="0" mb="0" cb="0"/><line nr="866" mi="2" ci="0" mb="0" cb="0"/><line nr="871" mi="0" ci="11" mb="3" cb="3"/><line nr="872" mi="0" ci="4" mb="0" cb="0"/><line nr="876" mi="0" ci="11" mb="3" cb="3"/><line nr="877" mi="0" ci="4" mb="0" cb="0"/><line nr="881" mi="0" ci="11" mb="3" cb="3"/><line nr="882" mi="0" ci="4" mb="0" cb="0"/><line nr="886" mi="0" ci="11" mb="3" cb="3"/><line nr="887" mi="0" ci="4" mb="0" cb="0"/><line nr="891" mi="0" ci="11" mb="3" cb="3"/><line nr="892" mi="0" ci="4" mb="0" cb="0"/><line nr="896" mi="0" ci="11" mb="3" cb="3"/><line nr="897" mi="0" ci="4" mb="0" cb="0"/><line nr="901" mi="0" ci="11" mb="3" cb="3"/><line nr="902" mi="0" ci="4" mb="0" cb="0"/><line nr="906" mi="0" ci="11" mb="3" cb="3"/><line nr="907" mi="0" ci="4" mb="0" cb="0"/><line nr="911" mi="0" ci="11" mb="3" cb="3"/><line nr="912" mi="0" ci="4" mb="0" cb="0"/><line nr="916" mi="0" ci="11" mb="3" cb="3"/><line nr="917" mi="0" ci="4" mb="0" cb="0"/><line nr="921" mi="0" ci="11" mb="3" cb="3"/><line nr="922" mi="0" ci="4" mb="0" cb="0"/><line nr="926" mi="0" ci="11" mb="3" cb="3"/><line nr="927" mi="0" ci="4" mb="0" cb="0"/><line nr="931" mi="0" ci="9" mb="2" cb="2"/><line nr="932" mi="0" ci="2" mb="1" cb="1"/><line nr="933" mi="0" ci="4" mb="0" cb="0"/><line nr="937" mi="0" ci="9" mb="2" cb="2"/><line nr="938" mi="0" ci="2" mb="1" cb="1"/><line nr="939" mi="0" ci="4" mb="0" cb="0"/><line nr="943" mi="0" ci="11" mb="3" cb="3"/><line nr="944" mi="0" ci="4" mb="0" cb="0"/><line nr="947" mi="0" ci="11" mb="3" cb="3"/><line nr="948" mi="0" ci="4" mb="0" cb="0"/><line nr="952" mi="0" ci="11" mb="3" cb="3"/><line nr="953" mi="0" ci="4" mb="0" cb="0"/><line nr="956" mi="0" ci="3" mb="1" cb="1"/><line nr="957" mi="5" ci="0" mb="0" cb="0"/><line nr="960" mi="0" ci="7" mb="2" cb="2"/><line nr="961" mi="5" ci="0" mb="0" cb="0"/><line nr="962" mi="4" ci="0" mb="0" cb="0"/><line nr="965" mi="4" ci="8" mb="1" cb="1"/><line nr="966" mi="4" ci="0" mb="0" cb="0"/><line nr="967" mi="4" ci="0" mb="0" cb="0"/><line nr="968" mi="2" ci="0" mb="2" cb="0"/><line nr="969" mi="5" ci="0" mb="0" cb="0"/><line nr="971" mi="1" ci="0" mb="0" cb="0"/><line nr="973" mi="0" ci="3" mb="0" cb="0"/><line nr="974" mi="0" ci="3" mb="0" cb="0"/><line nr="976" mi="0" ci="3" mb="1" cb="1"/><line nr="977" mi="0" ci="11" mb="0" cb="2"/><line nr="978" mi="0" ci="6" mb="0" cb="2"/><line nr="979" mi="0" ci="4" mb="0" cb="0"/><line nr="980" mi="0" ci="8" mb="0" cb="0"/><line nr="982" mi="0" ci="1" mb="0" cb="0"/><line nr="985" mi="0" ci="3" mb="1" cb="1"/><line nr="986" mi="11" ci="0" mb="2" cb="0"/><line nr="987" mi="5" ci="0" mb="0" cb="0"/><line nr="988" mi="3" ci="0" mb="0" cb="0"/><line nr="989" mi="5" ci="0" mb="0" cb="0"/><line nr="990" mi="2" ci="0" mb="0" cb="0"/><line nr="991" mi="1" ci="0" mb="0" cb="0"/><line nr="992" mi="1" ci="0" mb="0" cb="0"/><line nr="994" mi="0" ci="3" mb="0" cb="0"/><line nr="995" mi="0" ci="1" mb="0" cb="0"/><line nr="996" mi="0" ci="9" mb="0" cb="0"/><line nr="998" mi="0" ci="3" mb="1" cb="1"/><line nr="999" mi="0" ci="8" mb="0" cb="0"/><line nr="1003" mi="0" ci="4" mb="0" cb="0"/><line nr="1004" mi="0" ci="4" mb="0" cb="0"/><line nr="1006" mi="0" ci="10" mb="2" cb="2"/><line nr="1007" mi="6" ci="0" mb="0" cb="0"/><line nr="1008" mi="3" ci="0" mb="2" cb="0"/><line nr="1009" mi="7" ci="0" mb="0" cb="0"/><line nr="1013" mi="0" ci="7" mb="0" cb="0"/><line nr="1015" mi="1" ci="0" mb="0" cb="0"/><line nr="1019" mi="3" ci="0" mb="2" cb="0"/><line nr="1020" mi="9" ci="0" mb="0" cb="0"/><line nr="1022" mi="4" ci="0" mb="0" cb="0"/><line nr="1023" mi="5" ci="0" mb="0" cb="0"/><line nr="1025" mi="0" ci="1" mb="0" cb="0"/><line nr="1026" mi="0" ci="1" mb="0" cb="0"/><line nr="1038" mi="0" ci="3" mb="0" cb="0"/><line nr="1040" mi="0" ci="2" mb="0" cb="0"/><line nr="1042" mi="0" ci="2" mb="1" cb="1"/><line nr="1043" mi="7" ci="0" mb="0" cb="0"/><line nr="1045" mi="3" ci="0" mb="0" cb="0"/><line nr="1046" mi="4" ci="0" mb="2" cb="0"/><line nr="1047" mi="4" ci="0" mb="0" cb="0"/><line nr="1048" mi="10" ci="0" mb="2" cb="0"/><line nr="1049" mi="6" ci="0" mb="0" cb="0"/><line nr="1050" mi="1" ci="0" mb="0" cb="0"/><line nr="1052" mi="4" ci="0" mb="0" cb="0"/><line nr="1054" mi="5" ci="0" mb="0" cb="0"/><line nr="1055" mi="3" ci="0" mb="0" cb="0"/><line nr="1056" mi="6" ci="0" mb="0" cb="0"/><line nr="1062" mi="0" ci="3" mb="0" cb="2"/><line nr="1063" mi="0" ci="3" mb="0" cb="0"/><line nr="1064" mi="0" ci="7" mb="0" cb="0"/><line nr="1065" mi="0" ci="3" mb="0" cb="0"/><line nr="1067" mi="0" ci="5" mb="0" cb="0"/><line nr="1076" mi="7" ci="0" mb="0" cb="0"/><line nr="1077" mi="0" ci="1" mb="0" cb="0"/><line nr="1078" mi="0" ci="2" mb="0" cb="0"/><line nr="1089" mi="0" ci="3" mb="0" cb="0"/><line nr="1091" mi="0" ci="3" mb="0" cb="0"/><line nr="1092" mi="0" ci="2" mb="1" cb="1"/><line nr="1093" mi="5" ci="0" mb="0" cb="0"/><line nr="1094" mi="8" ci="0" mb="0" cb="0"/><line nr="1097" mi="0" ci="14" mb="0" cb="0"/><line nr="1102" mi="2" ci="3" mb="1" cb="1"/><line nr="1103" mi="0" ci="5" mb="0" cb="0"/><line nr="1104" mi="3" ci="4" mb="1" cb="1"/><line nr="1106" mi="0" ci="7" mb="0" cb="0"/><line nr="1110" mi="0" ci="3" mb="1" cb="1"/><line nr="1111" mi="0" ci="3" mb="1" cb="1"/><line nr="1112" mi="5" ci="0" mb="0" cb="0"/><line nr="1114" mi="0" ci="6" mb="0" cb="0"/><line nr="1115" mi="3" ci="0" mb="2" cb="0"/><line nr="1116" mi="5" ci="0" mb="0" cb="0"/><line nr="1118" mi="0" ci="1" mb="0" cb="0"/><line nr="1128" mi="0" ci="3" mb="0" cb="0"/><line nr="1129" mi="0" ci="3" mb="0" cb="0"/><line nr="1130" mi="0" ci="10" mb="0" cb="2"/><line nr="1131" mi="0" ci="4" mb="0" cb="0"/><line nr="1132" mi="0" ci="2" mb="1" cb="1"/><line nr="1133" mi="0" ci="3" mb="0" cb="2"/><line nr="1134" mi="0" ci="3" mb="0" cb="0"/><line nr="1135" mi="0" ci="4" mb="1" cb="1"/><line nr="1136" mi="6" ci="0" mb="0" cb="0"/><line nr="1137" mi="0" ci="4" mb="1" cb="1"/><line nr="1138" mi="5" ci="0" mb="0" cb="0"/><line nr="1140" mi="0" ci="1" mb="0" cb="0"/><line nr="1142" mi="5" ci="0" mb="0" cb="0"/><line nr="1144" mi="0" ci="1" mb="0" cb="0"/><line nr="1145" mi="0" ci="1" mb="0" cb="0"/><line nr="1149" mi="0" ci="4" mb="0" cb="0"/><line nr="1150" mi="0" ci="3" mb="0" cb="0"/><line nr="1151" mi="0" ci="14" mb="0" cb="0"/><line nr="1154" mi="2" ci="9" mb="1" cb="1"/><line nr="1155" mi="2" ci="9" mb="1" cb="1"/><line nr="1158" mi="0" ci="10" mb="0" cb="0"/><line nr="1160" mi="0" ci="4" mb="0" cb="0"/><line nr="1161" mi="0" ci="5" mb="0" cb="0"/><line nr="1162" mi="1" ci="0" mb="0" cb="0"/><line nr="1163" mi="12" ci="0" mb="0" cb="0"/><line nr="1164" mi="0" ci="1" mb="0" cb="0"/><line nr="1167" mi="0" ci="2" mb="0" cb="0"/><counter type="INSTRUCTION" missed="574" covered="1035"/><counter type="BRANCH" missed="176" covered="154"/><counter type="LINE" missed="105" covered="231"/><counter type="COMPLEXITY" missed="152" covered="23"/><counter type="METHOD" missed="0" covered="10"/><counter type="CLASS" missed="0" covered="1"/></sourcefile><counter type="INSTRUCTION" missed="574" covered="1035"/><counter type="BRANCH" missed="176" covered="154"/><counter type="LINE" missed="105" covered="231"/><counter type="COMPLEXITY" missed="152" covered="23"/><counter type="METHOD" missed="0" covered="10"/><counter type="CLASS" missed="0" covered="1"/></package><counter type="INSTRUCTION" missed="1347" covered="1035"/><counter type="BRANCH" missed="288" covered="154"/><counter type="LINE" missed="261" covered="231"/><counter type="COMPLEXITY" missed="224" covered="23"/><counter type="METHOD" missed="16" covered="10"/><counter type="CLASS" missed="1" covered="1"/></report>