<?xml version="1.0" encoding="UTF-8"?>
<testsuite xmlns:xsi="http://www.w3.org/2001/XMLSchema-instance" xsi:noNamespaceSchemaLocation="https://maven.apache.org/surefire/maven-surefire-plugin/xsd/surefire-test-report-3.0.xsd" version="3.0" name="org.openapitools.codegen.plugin.CodeGenMojoTest" time="18.432" tests="8" errors="0" skipped="0" failures="0">
  <properties>
[...]
</properties>
  <testcase name="testAnyInputSpecMustBeProvided" classname="org.openapitools.codegen.plugin.CodeGenMojoTest" time="4.177"/>
  <testcase name="testSkipRegenerationForClasspathSpecFileNoChange" classname="org.openapitools.codegen.plugin.CodeGenMojoTest" time="4.253"/>
  <testcase name="testHashGenerationFileContainsExecutionId" classname="org.openapitools.codegen.plugin.CodeGenMojoTest" time="2.084"/>
  <testcase name="testInputSpecRootDirectoryDoesNotRequireInputSpec" classname="org.openapitools.codegen.plugin.CodeGenMojoTest" time="3.343"/>
  <testcase name="testCollapsedSpecProduced" classname="org.openapitools.codegen.plugin.CodeGenMojoTest" time="0.899"/>
  <testcase name="testCollapsedSpecAddedToArtifacts" classname="org.openapitools.codegen.plugin.CodeGenMojoTest" time="0.946"/>
  <testcase name="testCommonConfiguration" classname="org.openapitools.codegen.plugin.CodeGenMojoTest" time="1.151"/>
  <testcase name="testSkipRegenerationForClasspathSpecFileWithChange" classname="org.openapitools.codegen.plugin.CodeGenMojoTest" time="1.538"/>
</testsuite>