<?xml version="1.0" encoding="UTF-8"?>
<testsuite xmlns:xsi="http://www.w3.org/2001/XMLSchema-instance" xsi:noNamespaceSchemaLocation="https://maven.apache.org/surefire/maven-surefire-plugin/xsd/surefire-test-report-3.0.xsd" version="3.0" name="org.openapitools.codegen.online.api.GenApiControllerTest" time="310.185" tests="10" errors="0" skipped="0" failures="0">
  <properties>
[...]
</properties>
  <testcase name="generateServer" classname="org.openapitools.codegen.online.api.GenApiControllerTest" time="2.85"/>
  <testcase name="clientOptionsUnknown" classname="org.openapitools.codegen.online.api.GenApiControllerTest" time="0.026"/>
  <testcase name="clientOptions" classname="org.openapitools.codegen.online.api.GenApiControllerTest" time="0.024"/>
  <testcase name="serverOptions" classname="org.openapitools.codegen.online.api.GenApiControllerTest" time="0.025"/>
  <testcase name="serverFrameworks" classname="org.openapitools.codegen.online.api.GenApiControllerTest" time="0.011"/>
  <testcase name="serverOptionsUnknown" classname="org.openapitools.codegen.online.api.GenApiControllerTest" time="0.022"/>
  <testcase name="generateWIthForwardedHeaders" classname="org.openapitools.codegen.online.api.GenApiControllerTest" time="0.615"/>
  <testcase name="clientLanguages" classname="org.openapitools.codegen.online.api.GenApiControllerTest" time="0.008"/>
  <testcase name="generateClient" classname="org.openapitools.codegen.online.api.GenApiControllerTest" time="0.533"/>
  <testcase name="generateClientWithInvalidOpenAPIUrl" classname="org.openapitools.codegen.online.api.GenApiControllerTest" time="300.069"/>
</testsuite>