<?xml version="1.0" encoding="UTF-8"?>
<testsuite xmlns:xsi="http://www.w3.org/2001/XMLSchema-instance" xsi:noNamespaceSchemaLocation="https://maven.apache.org/surefire/maven-surefire-plugin/xsd/surefire-test-report-3.0.xsd" version="3.0" name="TestSuite" time="0.814" tests="17" errors="0" skipped="0" failures="0">
  <properties>
[...]
</properties>
  <testcase name="isValidFalseForInvalidType" classname="org.openapitools.codegen.validation.ValidatedTest" time="0.026"/>
  <testcase name="isValidTrueForValidType" classname="org.openapitools.codegen.validation.ValidatedTest" time="0.0"/>
  <testcase name="customGlobalPropertiesAreSet" classname="org.openapitools.codegen.config.WorkflowSettingsTest" time="0.027"/>
  <testcase name="customOutputDirIsSet" classname="org.openapitools.codegen.config.WorkflowSettingsTest" time="0.014"/>
  <testcase name="defaultValuesCanBeChangedBuilder" classname="org.openapitools.codegen.config.WorkflowSettingsTest" time="0.0"/>
  <testcase name="defaultValuesCanBeChangedClassConstructor" classname="org.openapitools.codegen.config.WorkflowSettingsTest" time="0.0"/>
  <testcase name="defaultValuesNotOverriddenByNulls" classname="org.openapitools.codegen.config.WorkflowSettingsTest" time="0.0"/>
  <testcase name="newBuilderFromCopyShouldMutateGlobalProperties" classname="org.openapitools.codegen.config.WorkflowSettingsTest" time="0.0"/>
  <testcase name="createMethodUsingLambda" classname="org.openapitools.codegen.validation.ValidationRuleTest" time="0.027"/>
  <testcase name="createMethodUsingMethodReference" classname="org.openapitools.codegen.validation.ValidationRuleTest" time="0.014"/>
  <testcase name="testGenericValidatorErrorsAndWarnings" classname="org.openapitools.codegen.validation.GenericValidatorTest" time="0.027"/>
  <testcase name="testGenericValidatorMultipleConditionsFail" classname="org.openapitools.codegen.validation.GenericValidatorTest" time="0.0"/>
  <testcase name="testGenericValidatorSingleConditionFails" classname="org.openapitools.codegen.validation.GenericValidatorTest" time="0.0"/>
  <testcase name="testGenericValidatorSuccesses" classname="org.openapitools.codegen.validation.GenericValidatorTest" time="0.0"/>
  <testcase name="flattOnUnspecified" classname="org.openapitools.codegen.meta.FeatureSetTest" time="0.022"/>
  <testcase name="flattenOnMultipleFeatures" classname="org.openapitools.codegen.meta.FeatureSetTest" time="0.0"/>
  <testcase name="flattenOnSingleFeatures" classname="org.openapitools.codegen.meta.FeatureSetTest" time="0.0"/>
</testsuite>