<?xml version="1.0" encoding="UTF-8"?>
<testng-results ignored="0" total="48" passed="48" failed="0" skipped="0">
  <reporter-output>
  </reporter-output>
  <suite started-at="2024-05-11T17:42:33 MSK" name="Surefire suite" finished-at="2024-05-11T17:42:38 MSK" duration-ms="4774">
    <groups>
    </groups>
    <test started-at="2024-05-11T17:42:33 MSK" name="Surefire test" finished-at="2024-05-11T17:42:38 MSK" duration-ms="4774">
      <class name="org.openapitools.codegen.cmd.GenerateTest">
        <test-method is-config="true" signature="beforeEachTest()[pri:0, instance:org.openapitools.codegen.cmd.GenerateTest@284990de]" started-at="2024-05-11T17:42:33 MSK" name="beforeEachTest" finished-at="2024-05-11T17:42:35 MSK" duration-ms="1685" status="PASS">
          <reporter-output>
          </reporter-output>
        </test-method> <!-- beforeEachTest -->
        <test-method signature="testAdditionalPropertiesLong()[pri:0, instance:org.openapitools.codegen.cmd.GenerateTest@284990de]" started-at="2024-05-11T17:42:35 MSK" name="testAdditionalPropertiesLong" finished-at="2024-05-11T17:42:36 MSK" duration-ms="1128" status="PASS">
          <reporter-output>
          </reporter-output>
        </test-method> <!-- testAdditionalPropertiesLong -->
        <test-method is-config="true" signature="afterEachTest()[pri:0, instance:org.openapitools.codegen.cmd.GenerateTest@284990de]" started-at="2024-05-11T17:42:36 MSK" name="afterEachTest" finished-at="2024-05-11T17:42:36 MSK" duration-ms="1" status="PASS">
          <reporter-output>
          </reporter-output>
        </test-method> <!-- afterEachTest -->
        <test-method is-config="true" signature="beforeEachTest()[pri:0, instance:org.openapitools.codegen.cmd.GenerateTest@284990de]" started-at="2024-05-11T17:42:36 MSK" name="beforeEachTest" finished-at="2024-05-11T17:42:36 MSK" duration-ms="1" status="PASS">
          <reporter-output>
          </reporter-output>
        </test-method> <!-- beforeEachTest -->
        <test-method signature="testAdditionalPropertiesLongMultiple()[pri:0, instance:org.openapitools.codegen.cmd.GenerateTest@284990de]" started-at="2024-05-11T17:42:36 MSK" name="testAdditionalPropertiesLongMultiple" finished-at="2024-05-11T17:42:36 MSK" duration-ms="111" status="PASS">
          <reporter-output>
          </reporter-output>
        </test-method> <!-- testAdditionalPropertiesLongMultiple -->
        <test-method is-config="true" signature="afterEachTest()[pri:0, instance:org.openapitools.codegen.cmd.GenerateTest@284990de]" started-at="2024-05-11T17:42:36 MSK" name="afterEachTest" finished-at="2024-05-11T17:42:36 MSK" duration-ms="0" status="PASS">
          <reporter-output>
          </reporter-output>
        </test-method> <!-- afterEachTest -->
        <test-method is-config="true" signature="beforeEachTest()[pri:0, instance:org.openapitools.codegen.cmd.GenerateTest@284990de]" started-at="2024-05-11T17:42:36 MSK" name="beforeEachTest" finished-at="2024-05-11T17:42:36 MSK" duration-ms="1" status="PASS">
          <reporter-output>
          </reporter-output>
        </test-method> <!-- beforeEachTest -->
        <test-method signature="testApiPackage()[pri:0, instance:org.openapitools.codegen.cmd.GenerateTest@284990de]" started-at="2024-05-11T17:42:36 MSK" name="testApiPackage" finished-at="2024-05-11T17:42:36 MSK" duration-ms="81" status="PASS">
          <reporter-output>
          </reporter-output>
        </test-method> <!-- testApiPackage -->
        <test-method is-config="true" signature="beforeEachTest()[pri:0, instance:org.openapitools.codegen.cmd.GenerateTest@284990de]" started-at="2024-05-11T17:42:36 MSK" name="beforeEachTest" finished-at="2024-05-11T17:42:36 MSK" duration-ms="1" status="PASS">
          <reporter-output>
          </reporter-output>
        </test-method> <!-- beforeEachTest -->
        <test-method is-config="true" signature="afterEachTest()[pri:0, instance:org.openapitools.codegen.cmd.GenerateTest@284990de]" started-at="2024-05-11T17:42:36 MSK" name="afterEachTest" finished-at="2024-05-11T17:42:36 MSK" duration-ms="0" status="PASS">
          <reporter-output>
          </reporter-output>
        </test-method> <!-- afterEachTest -->
        <test-method signature="testArtifactId()[pri:0, instance:org.openapitools.codegen.cmd.GenerateTest@284990de]" started-at="2024-05-11T17:42:36 MSK" name="testArtifactId" finished-at="2024-05-11T17:42:36 MSK" duration-ms="72" status="PASS">
          <reporter-output>
          </reporter-output>
        </test-method> <!-- testArtifactId -->
        <test-method is-config="true" signature="beforeEachTest()[pri:0, instance:org.openapitools.codegen.cmd.GenerateTest@284990de]" started-at="2024-05-11T17:42:36 MSK" name="beforeEachTest" finished-at="2024-05-11T17:42:36 MSK" duration-ms="1" status="PASS">
          <reporter-output>
          </reporter-output>
        </test-method> <!-- beforeEachTest -->
        <test-method is-config="true" signature="afterEachTest()[pri:0, instance:org.openapitools.codegen.cmd.GenerateTest@284990de]" started-at="2024-05-11T17:42:36 MSK" name="afterEachTest" finished-at="2024-05-11T17:42:36 MSK" duration-ms="0" status="PASS">
          <reporter-output>
          </reporter-output>
        </test-method> <!-- afterEachTest -->
        <test-method signature="testArtifactVersion()[pri:0, instance:org.openapitools.codegen.cmd.GenerateTest@284990de]" started-at="2024-05-11T17:42:36 MSK" name="testArtifactVersion" finished-at="2024-05-11T17:42:36 MSK" duration-ms="50" status="PASS">
          <reporter-output>
          </reporter-output>
        </test-method> <!-- testArtifactVersion -->
        <test-method is-config="true" signature="afterEachTest()[pri:0, instance:org.openapitools.codegen.cmd.GenerateTest@284990de]" started-at="2024-05-11T17:42:36 MSK" name="afterEachTest" finished-at="2024-05-11T17:42:36 MSK" duration-ms="1" status="PASS">
          <reporter-output>
          </reporter-output>
        </test-method> <!-- afterEachTest -->
        <test-method is-config="true" signature="beforeEachTest()[pri:0, instance:org.openapitools.codegen.cmd.GenerateTest@284990de]" started-at="2024-05-11T17:42:36 MSK" name="beforeEachTest" finished-at="2024-05-11T17:42:36 MSK" duration-ms="1" status="PASS">
          <reporter-output>
          </reporter-output>
        </test-method> <!-- beforeEachTest -->
        <test-method signature="testAuthLong()[pri:0, instance:org.openapitools.codegen.cmd.GenerateTest@284990de]" started-at="2024-05-11T17:42:36 MSK" name="testAuthLong" finished-at="2024-05-11T17:42:36 MSK" duration-ms="69" status="PASS">
          <reporter-output>
          </reporter-output>
        </test-method> <!-- testAuthLong -->
        <test-method is-config="true" signature="afterEachTest()[pri:0, instance:org.openapitools.codegen.cmd.GenerateTest@284990de]" started-at="2024-05-11T17:42:36 MSK" name="afterEachTest" finished-at="2024-05-11T17:42:36 MSK" duration-ms="0" status="PASS">
          <reporter-output>
          </reporter-output>
        </test-method> <!-- afterEachTest -->
        <test-method is-config="true" signature="beforeEachTest()[pri:0, instance:org.openapitools.codegen.cmd.GenerateTest@284990de]" started-at="2024-05-11T17:42:36 MSK" name="beforeEachTest" finished-at="2024-05-11T17:42:36 MSK" duration-ms="1" status="PASS">
          <reporter-output>
          </reporter-output>
        </test-method> <!-- beforeEachTest -->
        <test-method signature="testAuthShort()[pri:0, instance:org.openapitools.codegen.cmd.GenerateTest@284990de]" started-at="2024-05-11T17:42:36 MSK" name="testAuthShort" finished-at="2024-05-11T17:42:36 MSK" duration-ms="53" status="PASS">
          <reporter-output>
          </reporter-output>
        </test-method> <!-- testAuthShort -->
        <test-method is-config="true" signature="afterEachTest()[pri:0, instance:org.openapitools.codegen.cmd.GenerateTest@284990de]" started-at="2024-05-11T17:42:36 MSK" name="afterEachTest" finished-at="2024-05-11T17:42:36 MSK" duration-ms="1" status="PASS">
          <reporter-output>
          </reporter-output>
        </test-method> <!-- afterEachTest -->
        <test-method is-config="true" signature="beforeEachTest()[pri:0, instance:org.openapitools.codegen.cmd.GenerateTest@284990de]" started-at="2024-05-11T17:42:36 MSK" name="beforeEachTest" finished-at="2024-05-11T17:42:36 MSK" duration-ms="1" status="PASS">
          <reporter-output>
          </reporter-output>
        </test-method> <!-- beforeEachTest -->
        <test-method signature="testAuthUnspecified()[pri:0, instance:org.openapitools.codegen.cmd.GenerateTest@284990de]" started-at="2024-05-11T17:42:36 MSK" name="testAuthUnspecified" finished-at="2024-05-11T17:42:36 MSK" duration-ms="102" status="PASS">
          <reporter-output>
          </reporter-output>
        </test-method> <!-- testAuthUnspecified -->
        <test-method is-config="true" signature="afterEachTest()[pri:0, instance:org.openapitools.codegen.cmd.GenerateTest@284990de]" started-at="2024-05-11T17:42:36 MSK" name="afterEachTest" finished-at="2024-05-11T17:42:36 MSK" duration-ms="0" status="PASS">
          <reporter-output>
          </reporter-output>
        </test-method> <!-- afterEachTest -->
        <test-method is-config="true" signature="beforeEachTest()[pri:0, instance:org.openapitools.codegen.cmd.GenerateTest@284990de]" started-at="2024-05-11T17:42:36 MSK" name="beforeEachTest" finished-at="2024-05-11T17:42:36 MSK" duration-ms="1" status="PASS">
          <reporter-output>
          </reporter-output>
        </test-method> <!-- beforeEachTest -->
        <test-method signature="testConfigJsonLong()[pri:0, instance:org.openapitools.codegen.cmd.GenerateTest@284990de]" started-at="2024-05-11T17:42:36 MSK" name="testConfigJsonLong" finished-at="2024-05-11T17:42:36 MSK" duration-ms="53" status="PASS">
          <reporter-output>
          </reporter-output>
        </test-method> <!-- testConfigJsonLong -->
        <test-method is-config="true" signature="afterEachTest()[pri:0, instance:org.openapitools.codegen.cmd.GenerateTest@284990de]" started-at="2024-05-11T17:42:36 MSK" name="afterEachTest" finished-at="2024-05-11T17:42:36 MSK" duration-ms="0" status="PASS">
          <reporter-output>
          </reporter-output>
        </test-method> <!-- afterEachTest -->
        <test-method is-config="true" signature="beforeEachTest()[pri:0, instance:org.openapitools.codegen.cmd.GenerateTest@284990de]" started-at="2024-05-11T17:42:36 MSK" name="beforeEachTest" finished-at="2024-05-11T17:42:36 MSK" duration-ms="2" status="PASS">
          <reporter-output>
          </reporter-output>
        </test-method> <!-- beforeEachTest -->
        <test-method signature="testConfigJsonShort()[pri:0, instance:org.openapitools.codegen.cmd.GenerateTest@284990de]" started-at="2024-05-11T17:42:36 MSK" name="testConfigJsonShort" finished-at="2024-05-11T17:42:36 MSK" duration-ms="50" status="PASS">
          <reporter-output>
          </reporter-output>
        </test-method> <!-- testConfigJsonShort -->
        <test-method is-config="true" signature="afterEachTest()[pri:0, instance:org.openapitools.codegen.cmd.GenerateTest@284990de]" started-at="2024-05-11T17:42:36 MSK" name="afterEachTest" finished-at="2024-05-11T17:42:36 MSK" duration-ms="1" status="PASS">
          <reporter-output>
          </reporter-output>
        </test-method> <!-- afterEachTest -->
        <test-method is-config="true" signature="beforeEachTest()[pri:0, instance:org.openapitools.codegen.cmd.GenerateTest@284990de]" started-at="2024-05-11T17:42:36 MSK" name="beforeEachTest" finished-at="2024-05-11T17:42:36 MSK" duration-ms="2" status="PASS">
          <reporter-output>
          </reporter-output>
        </test-method> <!-- beforeEachTest -->
        <test-method signature="testConfigYamlLong()[pri:0, instance:org.openapitools.codegen.cmd.GenerateTest@284990de]" started-at="2024-05-11T17:42:36 MSK" name="testConfigYamlLong" finished-at="2024-05-11T17:42:36 MSK" duration-ms="55" status="PASS">
          <reporter-output>
          </reporter-output>
        </test-method> <!-- testConfigYamlLong -->
        <test-method is-config="true" signature="afterEachTest()[pri:0, instance:org.openapitools.codegen.cmd.GenerateTest@284990de]" started-at="2024-05-11T17:42:36 MSK" name="afterEachTest" finished-at="2024-05-11T17:42:36 MSK" duration-ms="1" status="PASS">
          <reporter-output>
          </reporter-output>
        </test-method> <!-- afterEachTest -->
        <test-method is-config="true" signature="beforeEachTest()[pri:0, instance:org.openapitools.codegen.cmd.GenerateTest@284990de]" started-at="2024-05-11T17:42:36 MSK" name="beforeEachTest" finished-at="2024-05-11T17:42:36 MSK" duration-ms="1" status="PASS">
          <reporter-output>
          </reporter-output>
        </test-method> <!-- beforeEachTest -->
        <test-method signature="testConfigYamlShort()[pri:0, instance:org.openapitools.codegen.cmd.GenerateTest@284990de]" started-at="2024-05-11T17:42:36 MSK" name="testConfigYamlShort" finished-at="2024-05-11T17:42:37 MSK" duration-ms="40" status="PASS">
          <reporter-output>
          </reporter-output>
        </test-method> <!-- testConfigYamlShort -->
        <test-method is-config="true" signature="afterEachTest()[pri:0, instance:org.openapitools.codegen.cmd.GenerateTest@284990de]" started-at="2024-05-11T17:42:37 MSK" name="afterEachTest" finished-at="2024-05-11T17:42:37 MSK" duration-ms="0" status="PASS">
          <reporter-output>
          </reporter-output>
        </test-method> <!-- afterEachTest -->
        <test-method is-config="true" signature="beforeEachTest()[pri:0, instance:org.openapitools.codegen.cmd.GenerateTest@284990de]" started-at="2024-05-11T17:42:37 MSK" name="beforeEachTest" finished-at="2024-05-11T17:42:37 MSK" duration-ms="3" status="PASS">
          <reporter-output>
          </reporter-output>
        </test-method> <!-- beforeEachTest -->
        <test-method signature="testGroupId()[pri:0, instance:org.openapitools.codegen.cmd.GenerateTest@284990de]" started-at="2024-05-11T17:42:37 MSK" name="testGroupId" finished-at="2024-05-11T17:42:37 MSK" duration-ms="42" status="PASS">
          <reporter-output>
          </reporter-output>
        </test-method> <!-- testGroupId -->
        <test-method is-config="true" signature="afterEachTest()[pri:0, instance:org.openapitools.codegen.cmd.GenerateTest@284990de]" started-at="2024-05-11T17:42:37 MSK" name="afterEachTest" finished-at="2024-05-11T17:42:37 MSK" duration-ms="0" status="PASS">
          <reporter-output>
          </reporter-output>
        </test-method> <!-- afterEachTest -->
        <test-method is-config="true" signature="beforeEachTest()[pri:0, instance:org.openapitools.codegen.cmd.GenerateTest@284990de]" started-at="2024-05-11T17:42:37 MSK" name="beforeEachTest" finished-at="2024-05-11T17:42:37 MSK" duration-ms="1" status="PASS">
          <reporter-output>
          </reporter-output>
        </test-method> <!-- beforeEachTest -->
        <test-method signature="testImportMappingsLong()[pri:0, instance:org.openapitools.codegen.cmd.GenerateTest@284990de]" started-at="2024-05-11T17:42:37 MSK" name="testImportMappingsLong" finished-at="2024-05-11T17:42:37 MSK" duration-ms="41" status="PASS">
          <reporter-output>
          </reporter-output>
        </test-method> <!-- testImportMappingsLong -->
        <test-method is-config="true" signature="afterEachTest()[pri:0, instance:org.openapitools.codegen.cmd.GenerateTest@284990de]" started-at="2024-05-11T17:42:37 MSK" name="afterEachTest" finished-at="2024-05-11T17:42:37 MSK" duration-ms="0" status="PASS">
          <reporter-output>
          </reporter-output>
        </test-method> <!-- afterEachTest -->
        <test-method is-config="true" signature="beforeEachTest()[pri:0, instance:org.openapitools.codegen.cmd.GenerateTest@284990de]" started-at="2024-05-11T17:42:37 MSK" name="beforeEachTest" finished-at="2024-05-11T17:42:37 MSK" duration-ms="1" status="PASS">
          <reporter-output>
          </reporter-output>
        </test-method> <!-- beforeEachTest -->
        <test-method signature="testImportMappingsLongMultiple()[pri:0, instance:org.openapitools.codegen.cmd.GenerateTest@284990de]" started-at="2024-05-11T17:42:37 MSK" name="testImportMappingsLongMultiple" finished-at="2024-05-11T17:42:37 MSK" duration-ms="65" status="PASS">
          <reporter-output>
          </reporter-output>
        </test-method> <!-- testImportMappingsLongMultiple -->
        <test-method is-config="true" signature="beforeEachTest()[pri:0, instance:org.openapitools.codegen.cmd.GenerateTest@284990de]" started-at="2024-05-11T17:42:37 MSK" name="beforeEachTest" finished-at="2024-05-11T17:42:37 MSK" duration-ms="1" status="PASS">
          <reporter-output>
          </reporter-output>
        </test-method> <!-- beforeEachTest -->
        <test-method is-config="true" signature="afterEachTest()[pri:0, instance:org.openapitools.codegen.cmd.GenerateTest@284990de]" started-at="2024-05-11T17:42:37 MSK" name="afterEachTest" finished-at="2024-05-11T17:42:37 MSK" duration-ms="0" status="PASS">
          <reporter-output>
          </reporter-output>
        </test-method> <!-- afterEachTest -->
        <test-method signature="testInstantiationTypesLong()[pri:0, instance:org.openapitools.codegen.cmd.GenerateTest@284990de]" started-at="2024-05-11T17:42:37 MSK" name="testInstantiationTypesLong" finished-at="2024-05-11T17:42:37 MSK" duration-ms="38" status="PASS">
          <reporter-output>
          </reporter-output>
        </test-method> <!-- testInstantiationTypesLong -->
        <test-method is-config="true" signature="afterEachTest()[pri:0, instance:org.openapitools.codegen.cmd.GenerateTest@284990de]" started-at="2024-05-11T17:42:37 MSK" name="afterEachTest" finished-at="2024-05-11T17:42:37 MSK" duration-ms="0" status="PASS">
          <reporter-output>
          </reporter-output>
        </test-method> <!-- afterEachTest -->
        <test-method is-config="true" signature="beforeEachTest()[pri:0, instance:org.openapitools.codegen.cmd.GenerateTest@284990de]" started-at="2024-05-11T17:42:37 MSK" name="beforeEachTest" finished-at="2024-05-11T17:42:37 MSK" duration-ms="1" status="PASS">
          <reporter-output>
          </reporter-output>
        </test-method> <!-- beforeEachTest -->
        <test-method signature="testInstantiationTypesLongMultiple()[pri:0, instance:org.openapitools.codegen.cmd.GenerateTest@284990de]" started-at="2024-05-11T17:42:37 MSK" name="testInstantiationTypesLongMultiple" finished-at="2024-05-11T17:42:37 MSK" duration-ms="37" status="PASS">
          <reporter-output>
          </reporter-output>
        </test-method> <!-- testInstantiationTypesLongMultiple -->
        <test-method is-config="true" signature="afterEachTest()[pri:0, instance:org.openapitools.codegen.cmd.GenerateTest@284990de]" started-at="2024-05-11T17:42:37 MSK" name="afterEachTest" finished-at="2024-05-11T17:42:37 MSK" duration-ms="0" status="PASS">
          <reporter-output>
          </reporter-output>
        </test-method> <!-- afterEachTest -->
        <test-method is-config="true" signature="beforeEachTest()[pri:0, instance:org.openapitools.codegen.cmd.GenerateTest@284990de]" started-at="2024-05-11T17:42:37 MSK" name="beforeEachTest" finished-at="2024-05-11T17:42:37 MSK" duration-ms="1" status="PASS">
          <reporter-output>
          </reporter-output>
        </test-method> <!-- beforeEachTest -->
        <test-method signature="testInvokerPackage()[pri:0, instance:org.openapitools.codegen.cmd.GenerateTest@284990de]" started-at="2024-05-11T17:42:37 MSK" name="testInvokerPackage" finished-at="2024-05-11T17:42:37 MSK" duration-ms="38" status="PASS">
          <reporter-output>
          </reporter-output>
        </test-method> <!-- testInvokerPackage -->
        <test-method is-config="true" signature="afterEachTest()[pri:0, instance:org.openapitools.codegen.cmd.GenerateTest@284990de]" started-at="2024-05-11T17:42:37 MSK" name="afterEachTest" finished-at="2024-05-11T17:42:37 MSK" duration-ms="0" status="PASS">
          <reporter-output>
          </reporter-output>
        </test-method> <!-- afterEachTest -->
        <test-method is-config="true" signature="beforeEachTest()[pri:0, instance:org.openapitools.codegen.cmd.GenerateTest@284990de]" started-at="2024-05-11T17:42:37 MSK" name="beforeEachTest" finished-at="2024-05-11T17:42:37 MSK" duration-ms="1" status="PASS">
          <reporter-output>
          </reporter-output>
        </test-method> <!-- beforeEachTest -->
        <test-method signature="testLanguageSpecificPrimitives()[pri:0, instance:org.openapitools.codegen.cmd.GenerateTest@284990de]" started-at="2024-05-11T17:42:37 MSK" name="testLanguageSpecificPrimitives" finished-at="2024-05-11T17:42:37 MSK" duration-ms="36" status="PASS">
          <reporter-output>
          </reporter-output>
        </test-method> <!-- testLanguageSpecificPrimitives -->
        <test-method is-config="true" signature="afterEachTest()[pri:0, instance:org.openapitools.codegen.cmd.GenerateTest@284990de]" started-at="2024-05-11T17:42:37 MSK" name="afterEachTest" finished-at="2024-05-11T17:42:37 MSK" duration-ms="0" status="PASS">
          <reporter-output>
          </reporter-output>
        </test-method> <!-- afterEachTest -->
        <test-method is-config="true" signature="beforeEachTest()[pri:0, instance:org.openapitools.codegen.cmd.GenerateTest@284990de]" started-at="2024-05-11T17:42:37 MSK" name="beforeEachTest" finished-at="2024-05-11T17:42:37 MSK" duration-ms="1" status="PASS">
          <reporter-output>
          </reporter-output>
        </test-method> <!-- beforeEachTest -->
        <test-method signature="testLibrary()[pri:0, instance:org.openapitools.codegen.cmd.GenerateTest@284990de]" started-at="2024-05-11T17:42:37 MSK" name="testLibrary" finished-at="2024-05-11T17:42:37 MSK" duration-ms="38" status="PASS">
          <reporter-output>
          </reporter-output>
        </test-method> <!-- testLibrary -->
        <test-method is-config="true" signature="beforeEachTest()[pri:0, instance:org.openapitools.codegen.cmd.GenerateTest@284990de]" started-at="2024-05-11T17:42:37 MSK" name="beforeEachTest" finished-at="2024-05-11T17:42:37 MSK" duration-ms="1" status="PASS">
          <reporter-output>
          </reporter-output>
        </test-method> <!-- beforeEachTest -->
        <test-method is-config="true" signature="afterEachTest()[pri:0, instance:org.openapitools.codegen.cmd.GenerateTest@284990de]" started-at="2024-05-11T17:42:37 MSK" name="afterEachTest" finished-at="2024-05-11T17:42:37 MSK" duration-ms="0" status="PASS">
          <reporter-output>
          </reporter-output>
        </test-method> <!-- afterEachTest -->
        <test-method signature="testModelPackage()[pri:0, instance:org.openapitools.codegen.cmd.GenerateTest@284990de]" started-at="2024-05-11T17:42:37 MSK" name="testModelPackage" finished-at="2024-05-11T17:42:37 MSK" duration-ms="40" status="PASS">
          <reporter-output>
          </reporter-output>
        </test-method> <!-- testModelPackage -->
        <test-method is-config="true" signature="afterEachTest()[pri:0, instance:org.openapitools.codegen.cmd.GenerateTest@284990de]" started-at="2024-05-11T17:42:37 MSK" name="afterEachTest" finished-at="2024-05-11T17:42:37 MSK" duration-ms="1" status="PASS">
          <reporter-output>
          </reporter-output>
        </test-method> <!-- afterEachTest -->
        <test-method is-config="true" signature="beforeEachTest()[pri:0, instance:org.openapitools.codegen.cmd.GenerateTest@284990de]" started-at="2024-05-11T17:42:37 MSK" name="beforeEachTest" finished-at="2024-05-11T17:42:37 MSK" duration-ms="2" status="PASS">
          <reporter-output>
          </reporter-output>
        </test-method> <!-- beforeEachTest -->
        <test-method signature="testNPEWithInvalidSpecFile()[pri:0, instance:org.openapitools.codegen.cmd.GenerateTest@284990de]" started-at="2024-05-11T17:42:37 MSK" name="testNPEWithInvalidSpecFile" finished-at="2024-05-11T17:42:37 MSK" duration-ms="126" status="PASS">
          <exception class="org.openapitools.codegen.SpecValidationException">
            <message>
              <![CDATA[There were issues with the specification. The option can be disabled via validateSpec (Maven/Gradle) or --skip-validate-spec (CLI).
 | Error count: 1, Warning count: 0
Errors: 
-Cannot invoke "io.swagger.v3.oas.models.media.Schema.get$ref()" because "property" is null
]]>
            </message>
            <full-stacktrace>
              <![CDATA[org.openapitools.codegen.SpecValidationException: There were issues with the specification. The option can be disabled via validateSpec (Maven/Gradle) or --skip-validate-spec (CLI).
 | Error count: 1, Warning count: 0
Errors: 
-Cannot invoke "io.swagger.v3.oas.models.media.Schema.get$ref()" because "property" is null

at org.openapitools.codegen.config.CodegenConfigurator.toContext(CodegenConfigurator.java:717)
at org.openapitools.codegen.config.CodegenConfigurator.toClientOptInput(CodegenConfigurator.java:744)
at org.openapitools.codegen.cmd.Generate.execute(Generate.java:527)
at org.openapitools.codegen.cmd.OpenApiGeneratorCommand.run(OpenApiGeneratorCommand.java:32)
at org.openapitools.codegen.cmd.GenerateTest.setupAndRunTest(GenerateTest.java:122)
at org.openapitools.codegen.cmd.GenerateTest.testNPEWithInvalidSpecFile(GenerateTest.java:441)
at java.base/jdk.internal.reflect.DirectMethodHandleAccessor.invoke(DirectMethodHandleAccessor.java:104)
at java.base/java.lang.reflect.Method.invoke(Method.java:578)
at org.testng.internal.invokers.MethodInvocationHelper.invokeMethod(MethodInvocationHelper.java:135)
at org.testng.internal.invokers.TestInvoker.invokeMethod(TestInvoker.java:673)
at org.testng.internal.invokers.TestInvoker.invokeTestMethod(TestInvoker.java:220)
at org.testng.internal.invokers.MethodRunner.runInSequence(MethodRunner.java:50)
at org.testng.internal.invokers.TestInvoker$MethodInvocationAgent.invoke(TestInvoker.java:945)
at org.testng.internal.invokers.TestInvoker.invokeTestMethods(TestInvoker.java:193)
at org.testng.internal.invokers.TestMethodWorker.invokeTestMethods(TestMethodWorker.java:146)
at org.testng.internal.invokers.TestMethodWorker.run(TestMethodWorker.java:128)
at java.base/java.util.concurrent.ThreadPoolExecutor.runWorker(ThreadPoolExecutor.java:1144)
at java.base/java.util.concurrent.ThreadPoolExecutor$Worker.run(ThreadPoolExecutor.java:642)
at java.base/java.lang.Thread.run(Thread.java:1589)
]]>
            </full-stacktrace>
          </exception> <!-- org.openapitools.codegen.SpecValidationException -->
          <reporter-output>
          </reporter-output>
        </test-method> <!-- testNPEWithInvalidSpecFile -->
        <test-method is-config="true" signature="afterEachTest()[pri:0, instance:org.openapitools.codegen.cmd.GenerateTest@284990de]" started-at="2024-05-11T17:42:37 MSK" name="afterEachTest" finished-at="2024-05-11T17:42:37 MSK" duration-ms="0" status="PASS">
          <reporter-output>
          </reporter-output>
        </test-method> <!-- afterEachTest -->
        <test-method is-config="true" signature="beforeEachTest()[pri:0, instance:org.openapitools.codegen.cmd.GenerateTest@284990de]" started-at="2024-05-11T17:42:37 MSK" name="beforeEachTest" finished-at="2024-05-11T17:42:37 MSK" duration-ms="1" status="PASS">
          <reporter-output>
          </reporter-output>
        </test-method> <!-- beforeEachTest -->
        <test-method signature="testPackageName()[pri:0, instance:org.openapitools.codegen.cmd.GenerateTest@284990de]" started-at="2024-05-11T17:42:37 MSK" name="testPackageName" finished-at="2024-05-11T17:42:37 MSK" duration-ms="31" status="PASS">
          <reporter-output>
          </reporter-output>
        </test-method> <!-- testPackageName -->
        <test-method is-config="true" signature="afterEachTest()[pri:0, instance:org.openapitools.codegen.cmd.GenerateTest@284990de]" started-at="2024-05-11T17:42:37 MSK" name="afterEachTest" finished-at="2024-05-11T17:42:37 MSK" duration-ms="1" status="PASS">
          <reporter-output>
          </reporter-output>
        </test-method> <!-- afterEachTest -->
        <test-method is-config="true" signature="beforeEachTest()[pri:0, instance:org.openapitools.codegen.cmd.GenerateTest@284990de]" started-at="2024-05-11T17:42:37 MSK" name="beforeEachTest" finished-at="2024-05-11T17:42:37 MSK" duration-ms="1" status="PASS">
          <reporter-output>
          </reporter-output>
        </test-method> <!-- beforeEachTest -->
        <test-method signature="testRequiredArgs_LongArgs()[pri:0, instance:org.openapitools.codegen.cmd.GenerateTest@284990de]" started-at="2024-05-11T17:42:37 MSK" name="testRequiredArgs_LongArgs" finished-at="2024-05-11T17:42:37 MSK" duration-ms="34" status="PASS">
          <reporter-output>
          </reporter-output>
        </test-method> <!-- testRequiredArgs_LongArgs -->
        <test-method is-config="true" signature="beforeEachTest()[pri:0, instance:org.openapitools.codegen.cmd.GenerateTest@284990de]" started-at="2024-05-11T17:42:37 MSK" name="beforeEachTest" finished-at="2024-05-11T17:42:37 MSK" duration-ms="1" status="PASS">
          <reporter-output>
          </reporter-output>
        </test-method> <!-- beforeEachTest -->
        <test-method is-config="true" signature="afterEachTest()[pri:0, instance:org.openapitools.codegen.cmd.GenerateTest@284990de]" started-at="2024-05-11T17:42:37 MSK" name="afterEachTest" finished-at="2024-05-11T17:42:37 MSK" duration-ms="0" status="PASS">
          <reporter-output>
          </reporter-output>
        </test-method> <!-- afterEachTest -->
        <test-method signature="testRequiredArgs_ShortArgs()[pri:0, instance:org.openapitools.codegen.cmd.GenerateTest@284990de]" started-at="2024-05-11T17:42:37 MSK" name="testRequiredArgs_ShortArgs" finished-at="2024-05-11T17:42:37 MSK" duration-ms="50" status="PASS">
          <reporter-output>
          </reporter-output>
        </test-method> <!-- testRequiredArgs_ShortArgs -->
        <test-method is-config="true" signature="afterEachTest()[pri:0, instance:org.openapitools.codegen.cmd.GenerateTest@284990de]" started-at="2024-05-11T17:42:37 MSK" name="afterEachTest" finished-at="2024-05-11T17:42:37 MSK" duration-ms="1" status="PASS">
          <reporter-output>
          </reporter-output>
        </test-method> <!-- afterEachTest -->
        <test-method is-config="true" signature="beforeEachTest()[pri:0, instance:org.openapitools.codegen.cmd.GenerateTest@284990de]" started-at="2024-05-11T17:42:37 MSK" name="beforeEachTest" finished-at="2024-05-11T17:42:37 MSK" duration-ms="1" status="PASS">
          <reporter-output>
          </reporter-output>
        </test-method> <!-- beforeEachTest -->
        <test-method signature="testSkipOverwriteLong()[pri:0, instance:org.openapitools.codegen.cmd.GenerateTest@284990de]" started-at="2024-05-11T17:42:37 MSK" name="testSkipOverwriteLong" finished-at="2024-05-11T17:42:37 MSK" duration-ms="49" status="PASS">
          <reporter-output>
          </reporter-output>
        </test-method> <!-- testSkipOverwriteLong -->
        <test-method is-config="true" signature="afterEachTest()[pri:0, instance:org.openapitools.codegen.cmd.GenerateTest@284990de]" started-at="2024-05-11T17:42:37 MSK" name="afterEachTest" finished-at="2024-05-11T17:42:37 MSK" duration-ms="0" status="PASS">
          <reporter-output>
          </reporter-output>
        </test-method> <!-- afterEachTest -->
        <test-method is-config="true" signature="beforeEachTest()[pri:0, instance:org.openapitools.codegen.cmd.GenerateTest@284990de]" started-at="2024-05-11T17:42:37 MSK" name="beforeEachTest" finished-at="2024-05-11T17:42:37 MSK" duration-ms="1" status="PASS">
          <reporter-output>
          </reporter-output>
        </test-method> <!-- beforeEachTest -->
        <test-method signature="testSkipOverwriteShort()[pri:0, instance:org.openapitools.codegen.cmd.GenerateTest@284990de]" started-at="2024-05-11T17:42:37 MSK" name="testSkipOverwriteShort" finished-at="2024-05-11T17:42:37 MSK" duration-ms="38" status="PASS">
          <reporter-output>
          </reporter-output>
        </test-method> <!-- testSkipOverwriteShort -->
        <test-method is-config="true" signature="afterEachTest()[pri:0, instance:org.openapitools.codegen.cmd.GenerateTest@284990de]" started-at="2024-05-11T17:42:37 MSK" name="afterEachTest" finished-at="2024-05-11T17:42:37 MSK" duration-ms="0" status="PASS">
          <reporter-output>
          </reporter-output>
        </test-method> <!-- afterEachTest -->
        <test-method is-config="true" signature="beforeEachTest()[pri:0, instance:org.openapitools.codegen.cmd.GenerateTest@284990de]" started-at="2024-05-11T17:42:37 MSK" name="beforeEachTest" finished-at="2024-05-11T17:42:37 MSK" duration-ms="1" status="PASS">
          <reporter-output>
          </reporter-output>
        </test-method> <!-- beforeEachTest -->
        <test-method signature="testStrictSpecFalse()[pri:0, instance:org.openapitools.codegen.cmd.GenerateTest@284990de]" started-at="2024-05-11T17:42:37 MSK" name="testStrictSpecFalse" finished-at="2024-05-11T17:42:37 MSK" duration-ms="30" status="PASS">
          <reporter-output>
          </reporter-output>
        </test-method> <!-- testStrictSpecFalse -->
        <test-method is-config="true" signature="afterEachTest()[pri:0, instance:org.openapitools.codegen.cmd.GenerateTest@284990de]" started-at="2024-05-11T17:42:37 MSK" name="afterEachTest" finished-at="2024-05-11T17:42:37 MSK" duration-ms="1" status="PASS">
          <reporter-output>
          </reporter-output>
        </test-method> <!-- afterEachTest -->
        <test-method is-config="true" signature="beforeEachTest()[pri:0, instance:org.openapitools.codegen.cmd.GenerateTest@284990de]" started-at="2024-05-11T17:42:37 MSK" name="beforeEachTest" finished-at="2024-05-11T17:42:37 MSK" duration-ms="1" status="PASS">
          <reporter-output>
          </reporter-output>
        </test-method> <!-- beforeEachTest -->
        <test-method signature="testStrictSpecTrue()[pri:0, instance:org.openapitools.codegen.cmd.GenerateTest@284990de]" started-at="2024-05-11T17:42:37 MSK" name="testStrictSpecTrue" finished-at="2024-05-11T17:42:37 MSK" duration-ms="29" status="PASS">
          <reporter-output>
          </reporter-output>
        </test-method> <!-- testStrictSpecTrue -->
        <test-method is-config="true" signature="afterEachTest()[pri:0, instance:org.openapitools.codegen.cmd.GenerateTest@284990de]" started-at="2024-05-11T17:42:37 MSK" name="afterEachTest" finished-at="2024-05-11T17:42:37 MSK" duration-ms="0" status="PASS">
          <reporter-output>
          </reporter-output>
        </test-method> <!-- afterEachTest -->
        <test-method is-config="true" signature="beforeEachTest()[pri:0, instance:org.openapitools.codegen.cmd.GenerateTest@284990de]" started-at="2024-05-11T17:42:37 MSK" name="beforeEachTest" finished-at="2024-05-11T17:42:37 MSK" duration-ms="1" status="PASS">
          <reporter-output>
          </reporter-output>
        </test-method> <!-- beforeEachTest -->
        <test-method signature="testTemplateDirLong()[pri:0, instance:org.openapitools.codegen.cmd.GenerateTest@284990de]" started-at="2024-05-11T17:42:37 MSK" name="testTemplateDirLong" finished-at="2024-05-11T17:42:37 MSK" duration-ms="31" status="PASS">
          <reporter-output>
          </reporter-output>
        </test-method> <!-- testTemplateDirLong -->
        <test-method is-config="true" signature="afterEachTest()[pri:0, instance:org.openapitools.codegen.cmd.GenerateTest@284990de]" started-at="2024-05-11T17:42:37 MSK" name="afterEachTest" finished-at="2024-05-11T17:42:37 MSK" duration-ms="0" status="PASS">
          <reporter-output>
          </reporter-output>
        </test-method> <!-- afterEachTest -->
        <test-method is-config="true" signature="beforeEachTest()[pri:0, instance:org.openapitools.codegen.cmd.GenerateTest@284990de]" started-at="2024-05-11T17:42:37 MSK" name="beforeEachTest" finished-at="2024-05-11T17:42:37 MSK" duration-ms="1" status="PASS">
          <reporter-output>
          </reporter-output>
        </test-method> <!-- beforeEachTest -->
        <test-method signature="testTemplateDirMustExist()[pri:0, instance:org.openapitools.codegen.cmd.GenerateTest@284990de]" started-at="2024-05-11T17:42:37 MSK" name="testTemplateDirMustExist" finished-at="2024-05-11T17:42:37 MSK" duration-ms="6" status="PASS">
          <exception class="java.lang.IllegalArgumentException">
            <message>
              <![CDATA[Template directory src/main/resources/customTemplates does not exist.]]>
            </message>
            <full-stacktrace>
              <![CDATA[java.lang.IllegalArgumentException: Template directory src/main/resources/customTemplates does not exist.
at org.openapitools.codegen.config.WorkflowSettings$Builder.withTemplateDir(WorkflowSettings.java:500)
at org.openapitools.codegen.config.CodegenConfigurator.setTemplateDir(CodegenConfigurator.java:615)
at org.openapitools.codegen.cmd.Generate.execute(Generate.java:406)
at org.openapitools.codegen.cmd.OpenApiGeneratorCommand.run(OpenApiGeneratorCommand.java:32)
at org.openapitools.codegen.cmd.GenerateTest.setupAndRunTest(GenerateTest.java:122)
at org.openapitools.codegen.cmd.GenerateTest.setupAndRunGenericTest(GenerateTest.java:99)
at org.openapitools.codegen.cmd.GenerateTest.testTemplateDirMustExist(GenerateTest.java:376)
at java.base/jdk.internal.reflect.DirectMethodHandleAccessor.invoke(DirectMethodHandleAccessor.java:104)
at java.base/java.lang.reflect.Method.invoke(Method.java:578)
at org.testng.internal.invokers.MethodInvocationHelper.invokeMethod(MethodInvocationHelper.java:135)
at org.testng.internal.invokers.TestInvoker.invokeMethod(TestInvoker.java:673)
at org.testng.internal.invokers.TestInvoker.invokeTestMethod(TestInvoker.java:220)
at org.testng.internal.invokers.MethodRunner.runInSequence(MethodRunner.java:50)
at org.testng.internal.invokers.TestInvoker$MethodInvocationAgent.invoke(TestInvoker.java:945)
at org.testng.internal.invokers.TestInvoker.invokeTestMethods(TestInvoker.java:193)
at org.testng.internal.invokers.TestMethodWorker.invokeTestMethods(TestMethodWorker.java:146)
at org.testng.internal.invokers.TestMethodWorker.run(TestMethodWorker.java:128)
at java.base/java.util.concurrent.ThreadPoolExecutor.runWorker(ThreadPoolExecutor.java:1144)
at java.base/java.util.concurrent.ThreadPoolExecutor$Worker.run(ThreadPoolExecutor.java:642)
at java.base/java.lang.Thread.run(Thread.java:1589)
]]>
            </full-stacktrace>
          </exception> <!-- java.lang.IllegalArgumentException -->
          <reporter-output>
          </reporter-output>
        </test-method> <!-- testTemplateDirMustExist -->
        <test-method is-config="true" signature="afterEachTest()[pri:0, instance:org.openapitools.codegen.cmd.GenerateTest@284990de]" started-at="2024-05-11T17:42:37 MSK" name="afterEachTest" finished-at="2024-05-11T17:42:37 MSK" duration-ms="1" status="PASS">
          <reporter-output>
          </reporter-output>
        </test-method> <!-- afterEachTest -->
        <test-method is-config="true" signature="beforeEachTest()[pri:0, instance:org.openapitools.codegen.cmd.GenerateTest@284990de]" started-at="2024-05-11T17:42:37 MSK" name="beforeEachTest" finished-at="2024-05-11T17:42:37 MSK" duration-ms="1" status="PASS">
          <reporter-output>
          </reporter-output>
        </test-method> <!-- beforeEachTest -->
        <test-method signature="testTemplateDirShort()[pri:0, instance:org.openapitools.codegen.cmd.GenerateTest@284990de]" started-at="2024-05-11T17:42:37 MSK" name="testTemplateDirShort" finished-at="2024-05-11T17:42:37 MSK" duration-ms="30" status="PASS">
          <reporter-output>
          </reporter-output>
        </test-method> <!-- testTemplateDirShort -->
        <test-method is-config="true" signature="afterEachTest()[pri:0, instance:org.openapitools.codegen.cmd.GenerateTest@284990de]" started-at="2024-05-11T17:42:37 MSK" name="afterEachTest" finished-at="2024-05-11T17:42:37 MSK" duration-ms="1" status="PASS">
          <reporter-output>
          </reporter-output>
        </test-method> <!-- afterEachTest -->
        <test-method is-config="true" signature="beforeEachTest()[pri:0, instance:org.openapitools.codegen.cmd.GenerateTest@284990de]" started-at="2024-05-11T17:42:37 MSK" name="beforeEachTest" finished-at="2024-05-11T17:42:37 MSK" duration-ms="1" status="PASS">
          <reporter-output>
          </reporter-output>
        </test-method> <!-- beforeEachTest -->
        <test-method signature="testTypeMappingsLong()[pri:0, instance:org.openapitools.codegen.cmd.GenerateTest@284990de]" started-at="2024-05-11T17:42:37 MSK" name="testTypeMappingsLong" finished-at="2024-05-11T17:42:37 MSK" duration-ms="40" status="PASS">
          <reporter-output>
          </reporter-output>
        </test-method> <!-- testTypeMappingsLong -->
        <test-method is-config="true" signature="afterEachTest()[pri:0, instance:org.openapitools.codegen.cmd.GenerateTest@284990de]" started-at="2024-05-11T17:42:37 MSK" name="afterEachTest" finished-at="2024-05-11T17:42:37 MSK" duration-ms="0" status="PASS">
          <reporter-output>
          </reporter-output>
        </test-method> <!-- afterEachTest -->
        <test-method is-config="true" signature="beforeEachTest()[pri:0, instance:org.openapitools.codegen.cmd.GenerateTest@284990de]" started-at="2024-05-11T17:42:37 MSK" name="beforeEachTest" finished-at="2024-05-11T17:42:37 MSK" duration-ms="1" status="PASS">
          <reporter-output>
          </reporter-output>
        </test-method> <!-- beforeEachTest -->
        <test-method signature="testTypeMappingsLongMultiple()[pri:0, instance:org.openapitools.codegen.cmd.GenerateTest@284990de]" started-at="2024-05-11T17:42:37 MSK" name="testTypeMappingsLongMultiple" finished-at="2024-05-11T17:42:37 MSK" duration-ms="29" status="PASS">
          <reporter-output>
          </reporter-output>
        </test-method> <!-- testTypeMappingsLongMultiple -->
        <test-method is-config="true" signature="afterEachTest()[pri:0, instance:org.openapitools.codegen.cmd.GenerateTest@284990de]" started-at="2024-05-11T17:42:37 MSK" name="afterEachTest" finished-at="2024-05-11T17:42:37 MSK" duration-ms="2" status="PASS">
          <reporter-output>
          </reporter-output>
        </test-method> <!-- afterEachTest -->
        <test-method is-config="true" signature="beforeEachTest()[pri:0, instance:org.openapitools.codegen.cmd.GenerateTest@284990de]" started-at="2024-05-11T17:42:37 MSK" name="beforeEachTest" finished-at="2024-05-11T17:42:37 MSK" duration-ms="1" status="PASS">
          <reporter-output>
          </reporter-output>
        </test-method> <!-- beforeEachTest -->
        <test-method signature="testVerboseLong()[pri:0, instance:org.openapitools.codegen.cmd.GenerateTest@284990de]" started-at="2024-05-11T17:42:37 MSK" name="testVerboseLong" finished-at="2024-05-11T17:42:38 MSK" duration-ms="35" status="PASS">
          <reporter-output>
          </reporter-output>
        </test-method> <!-- testVerboseLong -->
        <test-method is-config="true" signature="afterEachTest()[pri:0, instance:org.openapitools.codegen.cmd.GenerateTest@284990de]" started-at="2024-05-11T17:42:38 MSK" name="afterEachTest" finished-at="2024-05-11T17:42:38 MSK" duration-ms="1" status="PASS">
          <reporter-output>
          </reporter-output>
        </test-method> <!-- afterEachTest -->
        <test-method is-config="true" signature="beforeEachTest()[pri:0, instance:org.openapitools.codegen.cmd.GenerateTest@284990de]" started-at="2024-05-11T17:42:38 MSK" name="beforeEachTest" finished-at="2024-05-11T17:42:38 MSK" duration-ms="1" status="PASS">
          <reporter-output>
          </reporter-output>
        </test-method> <!-- beforeEachTest -->
        <test-method signature="testVerboseShort()[pri:0, instance:org.openapitools.codegen.cmd.GenerateTest@284990de]" started-at="2024-05-11T17:42:38 MSK" name="testVerboseShort" finished-at="2024-05-11T17:42:38 MSK" duration-ms="33" status="PASS">
          <reporter-output>
          </reporter-output>
        </test-method> <!-- testVerboseShort -->
        <test-method is-config="true" signature="afterEachTest()[pri:0, instance:org.openapitools.codegen.cmd.GenerateTest@284990de]" started-at="2024-05-11T17:42:38 MSK" name="afterEachTest" finished-at="2024-05-11T17:42:38 MSK" duration-ms="1" status="PASS">
          <reporter-output>
          </reporter-output>
        </test-method> <!-- afterEachTest -->
      </class> <!-- org.openapitools.codegen.cmd.GenerateTest -->
      <class name="org.openapitools.codegen.cmd.AuthorTemplateTest">
        <test-method is-config="true" signature="setUp(org.testng.ITestContext)[pri:0, instance:org.openapitools.codegen.cmd.AuthorTemplateTest@5f95f1e1]" started-at="2024-05-11T17:42:33 MSK" name="setUp" finished-at="2024-05-11T17:42:33 MSK" duration-ms="31" status="PASS">
          <params>
            <param index="0">
              <value>
                <![CDATA[org.testng.TestRunner@22865072]]>
              </value>
            </param>
          </params>
          <reporter-output>
          </reporter-output>
        </test-method> <!-- setUp -->
        <test-method signature="smokeTestAuthorTemplateCommand()[pri:0, instance:org.openapitools.codegen.cmd.AuthorTemplateTest@5f95f1e1]" started-at="2024-05-11T17:42:33 MSK" name="smokeTestAuthorTemplateCommand" finished-at="2024-05-11T17:42:35 MSK" duration-ms="2319" status="PASS">
          <reporter-output>
          </reporter-output>
        </test-method> <!-- smokeTestAuthorTemplateCommand -->
      </class> <!-- org.openapitools.codegen.cmd.AuthorTemplateTest -->
      <class name="org.openapitools.codegen.cmd.GenerateBatchTest">
        <test-method is-config="true" signature="setUp(org.testng.ITestContext)[pri:0, instance:org.openapitools.codegen.cmd.GenerateBatchTest@565d7d2f]" started-at="2024-05-11T17:42:33 MSK" name="setUp" finished-at="2024-05-11T17:42:33 MSK" duration-ms="0" status="PASS">
          <params>
            <param index="0">
              <value>
                <![CDATA[org.testng.TestRunner@22865072]]>
              </value>
            </param>
          </params>
          <reporter-output>
          </reporter-output>
        </test-method> <!-- setUp -->
        <test-method signature="testDeserializerWithJsonInclude(java.lang.String)[pri:0, instance:org.openapitools.codegen.cmd.GenerateBatchTest@565d7d2f]" started-at="2024-05-11T17:42:33 MSK" name="testDeserializerWithJsonInclude" data-provider="customIncludeDeserializerFiles" finished-at="2024-05-11T17:42:36 MSK" duration-ms="2823" status="PASS">
          <params>
            <param index="0">
              <value>
                <![CDATA[jaxrs-datelib-j8.json]]>
              </value>
            </param>
          </params>
          <reporter-output>
          </reporter-output>
        </test-method> <!-- testDeserializerWithJsonInclude -->
        <test-method signature="testDeserializerWithJsonInclude(java.lang.String)[pri:0, instance:org.openapitools.codegen.cmd.GenerateBatchTest@565d7d2f]" started-at="2024-05-11T17:42:36 MSK" name="testDeserializerWithJsonInclude" data-provider="customIncludeDeserializerFiles" finished-at="2024-05-11T17:42:36 MSK" duration-ms="96" status="PASS">
          <params>
            <param index="0">
              <value>
                <![CDATA[jaxrs-datelib-j8.yaml]]>
              </value>
            </param>
          </params>
          <reporter-output>
          </reporter-output>
        </test-method> <!-- testDeserializerWithJsonInclude -->
        <test-method signature="testDeserializerWithJsonInclude(java.lang.String)[pri:0, instance:org.openapitools.codegen.cmd.GenerateBatchTest@565d7d2f]" started-at="2024-05-11T17:42:36 MSK" name="testDeserializerWithJsonInclude" data-provider="customIncludeDeserializerFiles" finished-at="2024-05-11T17:42:36 MSK" duration-ms="71" status="PASS">
          <params>
            <param index="0">
              <value>
                <![CDATA[jaxrs-datelib-j8-json-include.yaml]]>
              </value>
            </param>
          </params>
          <reporter-output>
          </reporter-output>
        </test-method> <!-- testDeserializerWithJsonInclude -->
        <test-method signature="testDeserializerWithJsonInclude(java.lang.String)[pri:0, instance:org.openapitools.codegen.cmd.GenerateBatchTest@565d7d2f]" started-at="2024-05-11T17:42:36 MSK" name="testDeserializerWithJsonInclude" data-provider="customIncludeDeserializerFiles" finished-at="2024-05-11T17:42:36 MSK" duration-ms="99" status="PASS">
          <params>
            <param index="0">
              <value>
                <![CDATA[jaxrs-datelib-j8-double.json]]>
              </value>
            </param>
          </params>
          <reporter-output>
          </reporter-output>
        </test-method> <!-- testDeserializerWithJsonInclude -->
        <test-method signature="testDeserializerWithJsonInclude(java.lang.String)[pri:0, instance:org.openapitools.codegen.cmd.GenerateBatchTest@565d7d2f]" started-at="2024-05-11T17:42:36 MSK" name="testDeserializerWithJsonInclude" data-provider="customIncludeDeserializerFiles" finished-at="2024-05-11T17:42:36 MSK" duration-ms="66" status="PASS">
          <params>
            <param index="0">
              <value>
                <![CDATA[jaxrs-datelib-j8-double.yaml]]>
              </value>
            </param>
          </params>
          <reporter-output>
          </reporter-output>
        </test-method> <!-- testDeserializerWithJsonInclude -->
        <test-method signature="testDeserializerWithJsonInclude(java.lang.String)[pri:0, instance:org.openapitools.codegen.cmd.GenerateBatchTest@565d7d2f]" started-at="2024-05-11T17:42:36 MSK" name="testDeserializerWithJsonInclude" data-provider="customIncludeDeserializerFiles" finished-at="2024-05-11T17:42:36 MSK" duration-ms="59" status="PASS">
          <params>
            <param index="0">
              <value>
                <![CDATA[jaxrs-datelib-j8-nested.json]]>
              </value>
            </param>
          </params>
          <reporter-output>
          </reporter-output>
        </test-method> <!-- testDeserializerWithJsonInclude -->
        <test-method signature="testDeserializerWithJsonInclude(java.lang.String)[pri:0, instance:org.openapitools.codegen.cmd.GenerateBatchTest@565d7d2f]" started-at="2024-05-11T17:42:36 MSK" name="testDeserializerWithJsonInclude" data-provider="customIncludeDeserializerFiles" finished-at="2024-05-11T17:42:36 MSK" duration-ms="71" status="PASS">
          <params>
            <param index="0">
              <value>
                <![CDATA[jaxrs-datelib-j8-nested.yaml]]>
              </value>
            </param>
          </params>
          <reporter-output>
          </reporter-output>
        </test-method> <!-- testDeserializerWithJsonInclude -->
        <test-method signature="testDeserializerWithJsonInclude(java.lang.String)[pri:0, instance:org.openapitools.codegen.cmd.GenerateBatchTest@565d7d2f]" started-at="2024-05-11T17:42:36 MSK" name="testDeserializerWithJsonInclude" data-provider="customIncludeDeserializerFiles" finished-at="2024-05-11T17:42:36 MSK" duration-ms="106" status="PASS">
          <params>
            <param index="0">
              <value>
                <![CDATA[jaxrs-datelib-j8-nested-property-merge.yaml]]>
              </value>
            </param>
          </params>
          <reporter-output>
          </reporter-output>
        </test-method> <!-- testDeserializerWithJsonInclude -->
        <test-method signature="testInvalidDeserializerWithIncludeOption()[pri:0, instance:org.openapitools.codegen.cmd.GenerateBatchTest@565d7d2f]" started-at="2024-05-11T17:42:36 MSK" name="testInvalidDeserializerWithIncludeOption" finished-at="2024-05-11T17:42:36 MSK" duration-ms="24" status="PASS">
          <exception class="java.lang.RuntimeException">
            <message>
              <![CDATA[Unable to deserialize config file: /Users/admin/Desktop/openapi-generator/modules/openapi-generator-cli/src/test/resources/batch/jaxrs-datelib-j8-yaml-include.json]]>
            </message>
            <full-stacktrace>
              <![CDATA[java.lang.RuntimeException: Unable to deserialize config file: /Users/admin/Desktop/openapi-generator/modules/openapi-generator-cli/src/test/resources/batch/jaxrs-datelib-j8-yaml-include.json
at org.openapitools.codegen.config.CodegenConfigurator.readDynamicSettings(CodegenConfigurator.java:195)
at org.openapitools.codegen.config.CodegenConfigurator.fromFile(CodegenConfigurator.java:96)
at org.openapitools.codegen.cmd.GenerateBatchTest.testInvalidDeserializerWithIncludeOption(GenerateBatchTest.java:101)
at java.base/jdk.internal.reflect.DirectMethodHandleAccessor.invoke(DirectMethodHandleAccessor.java:104)
at java.base/java.lang.reflect.Method.invoke(Method.java:578)
at org.testng.internal.invokers.MethodInvocationHelper.invokeMethod(MethodInvocationHelper.java:135)
at org.testng.internal.invokers.TestInvoker.invokeMethod(TestInvoker.java:673)
at org.testng.internal.invokers.TestInvoker.invokeTestMethod(TestInvoker.java:220)
at org.testng.internal.invokers.MethodRunner.runInSequence(MethodRunner.java:50)
at org.testng.internal.invokers.TestInvoker$MethodInvocationAgent.invoke(TestInvoker.java:945)
at org.testng.internal.invokers.TestInvoker.invokeTestMethods(TestInvoker.java:193)
at org.testng.internal.invokers.TestMethodWorker.invokeTestMethods(TestMethodWorker.java:146)
at org.testng.internal.invokers.TestMethodWorker.run(TestMethodWorker.java:128)
at java.base/java.util.concurrent.ThreadPoolExecutor.runWorker(ThreadPoolExecutor.java:1144)
at java.base/java.util.concurrent.ThreadPoolExecutor$Worker.run(ThreadPoolExecutor.java:642)
at java.base/java.lang.Thread.run(Thread.java:1589)
]]>
            </full-stacktrace>
          </exception> <!-- java.lang.RuntimeException -->
          <reporter-output>
          </reporter-output>
        </test-method> <!-- testInvalidDeserializerWithIncludeOption -->
      </class> <!-- org.openapitools.codegen.cmd.GenerateBatchTest -->
      <class name="org.openapitools.codegen.cmd.utils.OptionUtilsTest">
        <test-method signature="splitCommaSeparatedList()[pri:0, instance:org.openapitools.codegen.cmd.utils.OptionUtilsTest@2cd62003]" started-at="2024-05-11T17:42:33 MSK" name="splitCommaSeparatedList" finished-at="2024-05-11T17:42:33 MSK" duration-ms="74" status="PASS">
          <reporter-output>
          </reporter-output>
        </test-method> <!-- splitCommaSeparatedList -->
        <test-method signature="testParseCommaSeparatedTuples()[pri:0, instance:org.openapitools.codegen.cmd.utils.OptionUtilsTest@2cd62003]" started-at="2024-05-11T17:42:33 MSK" name="testParseCommaSeparatedTuples" finished-at="2024-05-11T17:42:33 MSK" duration-ms="5" status="PASS">
          <reporter-output>
          </reporter-output>
        </test-method> <!-- testParseCommaSeparatedTuples -->
      </class> <!-- org.openapitools.codegen.cmd.utils.OptionUtilsTest -->
    </test> <!-- Surefire test -->
  </suite> <!-- Surefire suite -->
</testng-results>
