<?xml version="1.0" encoding="UTF-8"?>
<!-- Generated by org.testng.reporters.JUnitReportReporter -->
<testsuite hostname="MacBook-Pro.local" failures="0" tests="36" name="org.openapitools.codegen.cmd.GenerateTest" time="4.570" errors="0" timestamp="2024-05-11T17:42:38 MSK" skipped="0">
  <testcase classname="org.openapitools.codegen.cmd.GenerateTest" name="testGroupId" time="0.043"/>
  <system-out/>
  <testcase classname="org.openapitools.codegen.cmd.GenerateTest" name="testArtifactVersion" time="0.052"/>
  <system-out/>
  <testcase classname="org.openapitools.codegen.cmd.GenerateTest" name="testLibrary" time="0.039"/>
  <system-out/>
  <testcase classname="org.openapitools.codegen.cmd.GenerateTest" name="testInstantiationTypesLongMultiple" time="0.038"/>
  <system-out/>
  <testcase classname="org.openapitools.codegen.cmd.GenerateTest" name="testArtifactId" time="0.074"/>
  <system-out/>
  <testcase classname="org.openapitools.codegen.cmd.GenerateTest" name="testTypeMappingsLongMultiple" time="0.030"/>
  <system-out/>
  <testcase classname="org.openapitools.codegen.cmd.GenerateTest" name="testImportMappingsLongMultiple" time="0.066"/>
  <system-out/>
  <testcase classname="org.openapitools.codegen.cmd.GenerateTest" name="testTypeMappingsLong" time="0.043"/>
  <system-out/>
  <testcase classname="org.openapitools.codegen.cmd.GenerateTest" name="testConfigJsonShort" time="0.052"/>
  <system-out/>
  <testcase classname="org.openapitools.codegen.cmd.GenerateTest" name="testTemplateDirLong" time="0.032"/>
  <system-out/>
  <testcase classname="org.openapitools.codegen.cmd.GenerateTest" name="testNPEWithInvalidSpecFile" time="0.127"/>
  <system-out/>
  <testcase classname="org.openapitools.codegen.cmd.GenerateTest" name="testStrictSpecTrue" time="0.030"/>
  <system-out/>
  <testcase classname="org.openapitools.codegen.cmd.GenerateTest" name="testConfigYamlLong" time="0.057"/>
  <system-out/>
  <testcase classname="org.openapitools.codegen.cmd.GenerateTest" name="testTemplateDirMustExist" time="0.007"/>
  <system-out/>
  <testcase classname="org.openapitools.codegen.cmd.GenerateTest" name="testAdditionalPropertiesLongMultiple" time="0.113"/>
  <system-out/>
  <testcase classname="org.openapitools.codegen.cmd.GenerateTest" name="testAdditionalPropertiesLong" time="1.129"/>
  <system-out/>
  <testcase classname="org.openapitools.codegen.cmd.GenerateTest" name="testLanguageSpecificPrimitives" time="0.037"/>
  <system-out/>
  <testcase classname="org.openapitools.codegen.cmd.GenerateTest" name="testRequiredArgs_ShortArgs" time="0.052"/>
  <system-out/>
  <testcase classname="org.openapitools.codegen.cmd.GenerateTest" name="testAuthLong" time="0.071"/>
  <system-out/>
  <testcase classname="org.openapitools.codegen.cmd.GenerateTest" name="testImportMappingsLong" time="0.043"/>
  <system-out/>
  <testcase classname="org.openapitools.codegen.cmd.GenerateTest" name="testAuthUnspecified" time="0.103"/>
  <system-out/>
  <testcase classname="org.openapitools.codegen.cmd.GenerateTest" name="testSkipOverwriteShort" time="1.723"/>
  <system-out/>
  <testcase classname="org.openapitools.codegen.cmd.GenerateTest" name="testTemplateDirShort" time="0.031"/>
  <system-out/>
  <testcase classname="org.openapitools.codegen.cmd.GenerateTest" name="testInstantiationTypesLong" time="0.040"/>
  <system-out/>
  <testcase classname="org.openapitools.codegen.cmd.GenerateTest" name="testInvokerPackage" time="0.040"/>
  <system-out/>
  <testcase classname="org.openapitools.codegen.cmd.GenerateTest" name="testVerboseShort" time="0.035"/>
  <system-out/>
  <testcase classname="org.openapitools.codegen.cmd.GenerateTest" name="testVerboseLong" time="0.036"/>
  <system-out/>
  <testcase classname="org.openapitools.codegen.cmd.GenerateTest" name="testPackageName" time="0.033"/>
  <system-out/>
  <testcase classname="org.openapitools.codegen.cmd.GenerateTest" name="testSkipOverwriteLong" time="0.051"/>
  <system-out/>
  <testcase classname="org.openapitools.codegen.cmd.GenerateTest" name="testApiPackage" time="0.082"/>
  <system-out/>
  <testcase classname="org.openapitools.codegen.cmd.GenerateTest" name="testAuthShort" time="0.055"/>
  <system-out/>
  <testcase classname="org.openapitools.codegen.cmd.GenerateTest" name="testRequiredArgs_LongArgs" time="0.035"/>
  <system-out/>
  <testcase classname="org.openapitools.codegen.cmd.GenerateTest" name="testStrictSpecFalse" time="0.032"/>
  <system-out/>
  <testcase classname="org.openapitools.codegen.cmd.GenerateTest" name="testConfigJsonLong" time="0.054"/>
  <system-out/>
  <testcase classname="org.openapitools.codegen.cmd.GenerateTest" name="testModelPackage" time="0.043"/>
  <system-out/>
  <testcase classname="org.openapitools.codegen.cmd.GenerateTest" name="testConfigYamlShort" time="0.042"/>
  <system-out/>
</testsuite> <!-- org.openapitools.codegen.cmd.GenerateTest -->
