<?xml version="1.0" encoding="UTF-8"?>
<!-- Generated by org.testng.reporters.JUnitReportReporter -->
<testsuite hostname="MacBook-Pro.local" failures="0" tests="36" name="org.openapitools.codegen.cmd.GenerateTest" time="9.616" errors="0" timestamp="2024-05-23T13:17:04 MSK" skipped="0">
  <testcase classname="org.openapitools.codegen.cmd.GenerateTest" name="testModelPackage" time="0.063"/>
  <system-out/>
  <testcase classname="org.openapitools.codegen.cmd.GenerateTest" name="testTypeMappingsLongMultiple" time="0.104"/>
  <system-out/>
  <testcase classname="org.openapitools.codegen.cmd.GenerateTest" name="testArtifactVersion" time="0.153"/>
  <system-out/>
  <testcase classname="org.openapitools.codegen.cmd.GenerateTest" name="testRequiredArgs_ShortArgs" time="0.088"/>
  <system-out/>
  <testcase classname="org.openapitools.codegen.cmd.GenerateTest" name="testPackageName" time="0.061"/>
  <system-out/>
  <testcase classname="org.openapitools.codegen.cmd.GenerateTest" name="testTemplateDirMustExist" time="3.941"/>
  <system-out/>
  <testcase classname="org.openapitools.codegen.cmd.GenerateTest" name="testAuthLong" time="0.169"/>
  <system-out/>
  <testcase classname="org.openapitools.codegen.cmd.GenerateTest" name="testAdditionalPropertiesLongMultiple" time="0.133"/>
  <system-out/>
  <testcase classname="org.openapitools.codegen.cmd.GenerateTest" name="testConfigJsonLong" time="0.157"/>
  <system-out/>
  <testcase classname="org.openapitools.codegen.cmd.GenerateTest" name="testStrictSpecTrue" time="0.079"/>
  <system-out/>
  <testcase classname="org.openapitools.codegen.cmd.GenerateTest" name="testVerboseLong" time="0.104"/>
  <system-out/>
  <testcase classname="org.openapitools.codegen.cmd.GenerateTest" name="testArtifactId" time="0.125"/>
  <system-out/>
  <testcase classname="org.openapitools.codegen.cmd.GenerateTest" name="testInstantiationTypesLongMultiple" time="0.079"/>
  <system-out/>
  <testcase classname="org.openapitools.codegen.cmd.GenerateTest" name="testTypeMappingsLong" time="0.155"/>
  <system-out/>
  <testcase classname="org.openapitools.codegen.cmd.GenerateTest" name="testTemplateDirLong" time="0.083"/>
  <system-out/>
  <testcase classname="org.openapitools.codegen.cmd.GenerateTest" name="testVerboseShort" time="0.074"/>
  <system-out/>
  <testcase classname="org.openapitools.codegen.cmd.GenerateTest" name="testRequiredArgs_LongArgs" time="0.087"/>
  <system-out/>
  <testcase classname="org.openapitools.codegen.cmd.GenerateTest" name="testAuthUnspecified" time="0.178"/>
  <system-out/>
  <testcase classname="org.openapitools.codegen.cmd.GenerateTest" name="testConfigJsonShort" time="0.147"/>
  <system-out/>
  <testcase classname="org.openapitools.codegen.cmd.GenerateTest" name="testSkipOverwriteShort" time="0.126"/>
  <system-out/>
  <testcase classname="org.openapitools.codegen.cmd.GenerateTest" name="testImportMappingsLongMultiple" time="0.088"/>
  <system-out/>
  <testcase classname="org.openapitools.codegen.cmd.GenerateTest" name="testLanguageSpecificPrimitives" time="0.109"/>
  <system-out/>
  <testcase classname="org.openapitools.codegen.cmd.GenerateTest" name="testGroupId" time="0.090"/>
  <system-out/>
  <testcase classname="org.openapitools.codegen.cmd.GenerateTest" name="testInvokerPackage" time="0.143"/>
  <system-out/>
  <testcase classname="org.openapitools.codegen.cmd.GenerateTest" name="testLibrary" time="0.057"/>
  <system-out/>
  <testcase classname="org.openapitools.codegen.cmd.GenerateTest" name="testApiPackage" time="0.178"/>
  <system-out/>
  <testcase classname="org.openapitools.codegen.cmd.GenerateTest" name="testInstantiationTypesLong" time="0.097"/>
  <system-out/>
  <testcase classname="org.openapitools.codegen.cmd.GenerateTest" name="testStrictSpecFalse" time="0.113"/>
  <system-out/>
  <testcase classname="org.openapitools.codegen.cmd.GenerateTest" name="testConfigYamlShort" time="0.102"/>
  <system-out/>
  <testcase classname="org.openapitools.codegen.cmd.GenerateTest" name="testAuthShort" time="0.118"/>
  <system-out/>
  <testcase classname="org.openapitools.codegen.cmd.GenerateTest" name="testImportMappingsLong" time="0.093"/>
  <system-out/>
  <testcase classname="org.openapitools.codegen.cmd.GenerateTest" name="testAdditionalPropertiesLong" time="1.718"/>
  <system-out/>
  <testcase classname="org.openapitools.codegen.cmd.GenerateTest" name="testConfigYamlLong" time="0.113"/>
  <system-out/>
  <testcase classname="org.openapitools.codegen.cmd.GenerateTest" name="testSkipOverwriteLong" time="0.071"/>
  <system-out/>
  <testcase classname="org.openapitools.codegen.cmd.GenerateTest" name="testTemplateDirShort" time="0.094"/>
  <system-out/>
  <testcase classname="org.openapitools.codegen.cmd.GenerateTest" name="testNPEWithInvalidSpecFile" time="0.326"/>
  <system-out/>
</testsuite> <!-- org.openapitools.codegen.cmd.GenerateTest -->
