<?xml version="1.0" encoding="UTF-8"?>
<!-- Generated by org.testng.reporters.JUnitReportReporter -->
<testsuite hostname="MacBook-Pro.local" failures="0" tests="9" name="org.openapitools.codegen.cmd.GenerateBatchTest" time="3.415" errors="0" timestamp="2024-05-11T17:42:38 MSK" skipped="0">
  <testcase classname="org.openapitools.codegen.cmd.GenerateBatchTest" name="testDeserializerWithJsonInclude" time="0.106"/>
  <system-out/>
  <testcase classname="org.openapitools.codegen.cmd.GenerateBatchTest" name="testDeserializerWithJsonInclude" time="0.071"/>
  <system-out/>
  <testcase classname="org.openapitools.codegen.cmd.GenerateBatchTest" name="testDeserializerWithJsonInclude" time="2.823"/>
  <system-out/>
  <testcase classname="org.openapitools.codegen.cmd.GenerateBatchTest" name="testDeserializerWithJsonInclude" time="0.096"/>
  <system-out/>
  <testcase classname="org.openapitools.codegen.cmd.GenerateBatchTest" name="testDeserializerWithJsonInclude" time="0.099"/>
  <system-out/>
  <testcase classname="org.openapitools.codegen.cmd.GenerateBatchTest" name="testDeserializerWithJsonInclude" time="0.066"/>
  <system-out/>
  <testcase classname="org.openapitools.codegen.cmd.GenerateBatchTest" name="testDeserializerWithJsonInclude" time="0.059"/>
  <system-out/>
  <testcase classname="org.openapitools.codegen.cmd.GenerateBatchTest" name="testInvalidDeserializerWithIncludeOption" time="0.024"/>
  <system-out/>
  <testcase classname="org.openapitools.codegen.cmd.GenerateBatchTest" name="testDeserializerWithJsonInclude" time="0.071"/>
  <system-out/>
</testsuite> <!-- org.openapitools.codegen.cmd.GenerateBatchTest -->
