<?xml version="1.0" encoding="UTF-8"?>
<!-- Generated by org.testng.reporters.JUnitReportReporter -->
<testsuite hostname="MacBook-Pro.local" failures="0" tests="1" name="org.openapitools.codegen.cmd.AuthorTemplateTest" time="2.319" errors="0" timestamp="2024-05-11T17:42:38 MSK" skipped="0">
  <testcase classname="org.openapitools.codegen.cmd.AuthorTemplateTest" name="smokeTestAuthorTemplateCommand" time="2.319"/>
  <system-out/>
</testsuite> <!-- org.openapitools.codegen.cmd.AuthorTemplateTest -->
