<?xml version="1.0" encoding="UTF-8"?>
<!-- Generated by org.testng.reporters.JUnitReportReporter -->
<testsuite hostname="MacBook-Pro.local" failures="0" tests="9" name="org.openapitools.codegen.cmd.GenerateBatchTest" time="6.903" errors="0" timestamp="2024-05-23T13:17:04 MSK" skipped="0">
  <testcase classname="org.openapitools.codegen.cmd.GenerateBatchTest" name="testDeserializerWithJsonInclude" time="0.217"/>
  <system-out/>
  <testcase classname="org.openapitools.codegen.cmd.GenerateBatchTest" name="testDeserializerWithJsonInclude" time="5.551"/>
  <system-out/>
  <testcase classname="org.openapitools.codegen.cmd.GenerateBatchTest" name="testDeserializerWithJsonInclude" time="0.172"/>
  <system-out/>
  <testcase classname="org.openapitools.codegen.cmd.GenerateBatchTest" name="testDeserializerWithJsonInclude" time="0.199"/>
  <system-out/>
  <testcase classname="org.openapitools.codegen.cmd.GenerateBatchTest" name="testDeserializerWithJsonInclude" time="0.163"/>
  <system-out/>
  <testcase classname="org.openapitools.codegen.cmd.GenerateBatchTest" name="testDeserializerWithJsonInclude" time="0.178"/>
  <system-out/>
  <testcase classname="org.openapitools.codegen.cmd.GenerateBatchTest" name="testDeserializerWithJsonInclude" time="0.161"/>
  <system-out/>
  <testcase classname="org.openapitools.codegen.cmd.GenerateBatchTest" name="testInvalidDeserializerWithIncludeOption" time="0.106"/>
  <system-out/>
  <testcase classname="org.openapitools.codegen.cmd.GenerateBatchTest" name="testDeserializerWithJsonInclude" time="0.156"/>
  <system-out/>
</testsuite> <!-- org.openapitools.codegen.cmd.GenerateBatchTest -->
