<?xml version="1.0" encoding="UTF-8"?>
<!-- Generated by org.testng.reporters.JUnitReportReporter -->
<testsuite hostname="MacBook-Pro.local" failures="0" tests="3" name="org.openapitools.codegen.meta.FeatureSetTest" time="0.059" errors="0" timestamp="2024-05-11T17:39:44 MSK" skipped="0">
  <testcase classname="org.openapitools.codegen.meta.FeatureSetTest" name="flattOnUnspecified" time="0.051"/>
  <system-out/>
  <testcase classname="org.openapitools.codegen.meta.FeatureSetTest" name="flattenOnSingleFeatures" time="0.003"/>
  <system-out/>
  <testcase classname="org.openapitools.codegen.meta.FeatureSetTest" name="flattenOnMultipleFeatures" time="0.005"/>
  <system-out/>
</testsuite> <!-- org.openapitools.codegen.meta.FeatureSetTest -->
