<?xml version="1.0" encoding="UTF-8"?>
<!-- Generated by org.testng.reporters.JUnitReportReporter -->
<testsuite hostname="MacBook-Pro.local" failures="0" tests="2" name="org.openapitools.codegen.validation.ValidationRuleTest" time="0.036" errors="0" timestamp="2024-05-11T17:39:44 MSK" skipped="0">
  <testcase classname="org.openapitools.codegen.validation.ValidationRuleTest" name="createMethodUsingMethodReference" time="0.007"/>
  <system-out/>
  <testcase classname="org.openapitools.codegen.validation.ValidationRuleTest" name="createMethodUsingLambda" time="0.029"/>
  <system-out/>
</testsuite> <!-- org.openapitools.codegen.validation.ValidationRuleTest -->
